[ 2017-05-22T09:07:03+08:00 ] 127.0.0.1 /
INFO: [ app_init ] --START--
INFO: Run Behavior\BuildLiteBehavior [ RunTime:0.000000s ]
INFO: [ app_init ] --END-- [ RunTime:0.015001s ]
INFO: [ app_begin ] --START--
INFO: Run Behavior\ReadHtmlCacheBehavior [ RunTime:0.001000s ]
INFO: [ app_begin ] --END-- [ RunTime:0.001000s ]
ERR: 无法加载控制器:Index

[ 2017-05-22T09:57:20+08:00 ] 127.0.0.1 /index.php/Home/User/actionhehehe.html
INFO: [ app_init ] --START--
INFO: Run Behavior\BuildLiteBehavior [ RunTime:0.000000s ]
INFO: [ app_init ] --END-- [ RunTime:0.001000s ]
INFO: [ app_begin ] --START--
INFO: Run Behavior\ReadHtmlCacheBehavior [ RunTime:0.000000s ]
INFO: [ app_begin ] --END-- [ RunTime:0.000000s ]
SQL: select * from zone where 1 [ RunTime:0.0000s ]
SQL: select s.subject,i.url1,i.url2 from information as i inner join subject as s on i.course_id=s.id where i.zone_id=15 [ RunTime:0.0000s ]
SQL: select s.subject,i.url1,i.url2 from information as i inner join subject as s on i.course_id=s.id where i.zone_id=16 [ RunTime:0.0000s ]
SQL: select s.subject,i.url1,i.url2 from information as i inner join subject as s on i.course_id=s.id where i.zone_id=18 [ RunTime:0.0000s ]
INFO: [ view_parse ] --START--
INFO: [ template_filter ] --START--
INFO: Run Behavior\ContentReplaceBehavior [ RunTime:0.000000s ]
INFO: [ template_filter ] --END-- [ RunTime:0.000000s ]
INFO: Run Behavior\ParseTemplateBehavior [ RunTime:0.006000s ]
INFO: [ view_parse ] --END-- [ RunTime:0.006000s ]
INFO: [ view_filter ] --START--
INFO: Run Behavior\WriteHtmlCacheBehavior [ RunTime:0.000000s ]
INFO: [ view_filter ] --END-- [ RunTime:0.000000s ]
INFO: [ app_end ] --START--
INFO: Run Behavior\ShowPageTraceBehavior [ RunTime:0.001000s ]
INFO: [ app_end ] --END-- [ RunTime:0.001000s ]

[ 2017-05-22T09:57:20+08:00 ] 127.0.0.1 /index.php/Home/User/_/Public/Admin/js/index.js
INFO: [ app_init ] --START--
INFO: Run Behavior\BuildLiteBehavior [ RunTime:0.000000s ]
INFO: [ app_init ] --END-- [ RunTime:0.001000s ]
INFO: [ app_begin ] --START--
INFO: Run Behavior\ReadHtmlCacheBehavior [ RunTime:0.000000s ]
INFO: [ app_begin ] --END-- [ RunTime:0.000000s ]
ERR: 非法操作:_

[ 2017-05-22T10:25:06+08:00 ] 127.0.0.1 /Home/user/actionhehehe/
INFO: [ app_init ] --START--
INFO: Run Behavior\BuildLiteBehavior [ RunTime:0.000000s ]
INFO: [ app_init ] --END-- [ RunTime:0.000000s ]
INFO: [ app_begin ] --START--
INFO: Run Behavior\ReadHtmlCacheBehavior [ RunTime:0.000000s ]
INFO: [ app_begin ] --END-- [ RunTime:0.000000s ]
SQL: select * from zone where 1 [ RunTime:0.0010s ]
SQL: select s.subject,i.url1,i.url2 from information as i inner join subject as s on i.course_id=s.id where i.zone_id=15 [ RunTime:0.0000s ]
SQL: select s.subject,i.url1,i.url2 from information as i inner join subject as s on i.course_id=s.id where i.zone_id=16 [ RunTime:0.0000s ]
SQL: select s.subject,i.url1,i.url2 from information as i inner join subject as s on i.course_id=s.id where i.zone_id=18 [ RunTime:0.0000s ]
SQL: select s.subject,i.url1,i.url2 from information as i inner join subject as s on i.course_id=s.id where i.zone_id=19 [ RunTime:0.0010s ]
INFO: [ view_parse ] --START--
INFO: [ template_filter ] --START--
INFO: Run Behavior\ContentReplaceBehavior [ RunTime:0.000000s ]
INFO: [ template_filter ] --END-- [ RunTime:0.000000s ]
INFO: Run Behavior\ParseTemplateBehavior [ RunTime:0.006000s ]
INFO: [ view_parse ] --END-- [ RunTime:0.006000s ]
INFO: [ view_filter ] --START--
INFO: Run Behavior\WriteHtmlCacheBehavior [ RunTime:0.000000s ]
INFO: [ view_filter ] --END-- [ RunTime:0.000000s ]
INFO: [ app_end ] --START--
INFO: Run Behavior\ShowPageTraceBehavior [ RunTime:0.000000s ]
INFO: [ app_end ] --END-- [ RunTime:0.000000s ]

[ 2017-05-22T10:25:06+08:00 ] 127.0.0.1 /Home/user/actionhehehe/_/Public/Admin/js/index.js
INFO: [ app_init ] --START--
INFO: Run Behavior\BuildLiteBehavior [ RunTime:0.000000s ]
INFO: [ app_init ] --END-- [ RunTime:0.000000s ]
INFO: [ app_begin ] --START--
INFO: Run Behavior\ReadHtmlCacheBehavior [ RunTime:0.000000s ]
INFO: [ app_begin ] --END-- [ RunTime:0.001000s ]
SQL: select * from zone where 1 [ RunTime:0.0010s ]
SQL: select s.subject,i.url1,i.url2 from information as i inner join subject as s on i.course_id=s.id where i.zone_id=15 [ RunTime:0.0000s ]
SQL: select s.subject,i.url1,i.url2 from information as i inner join subject as s on i.course_id=s.id where i.zone_id=16 [ RunTime:0.0010s ]
SQL: select s.subject,i.url1,i.url2 from information as i inner join subject as s on i.course_id=s.id where i.zone_id=18 [ RunTime:0.0000s ]
SQL: select s.subject,i.url1,i.url2 from information as i inner join subject as s on i.course_id=s.id where i.zone_id=19 [ RunTime:0.0010s ]
INFO: [ view_parse ] --START--
INFO: [ template_filter ] --START--
INFO: Run Behavior\ContentReplaceBehavior [ RunTime:0.000000s ]
INFO: [ template_filter ] --END-- [ RunTime:0.000000s ]
INFO: Run Behavior\ParseTemplateBehavior [ RunTime:0.006000s ]
INFO: [ view_parse ] --END-- [ RunTime:0.006000s ]
INFO: [ view_filter ] --START--
INFO: Run Behavior\WriteHtmlCacheBehavior [ RunTime:0.000000s ]
INFO: [ view_filter ] --END-- [ RunTime:0.000000s ]
INFO: [ app_end ] --START--
INFO: Run Behavior\ShowPageTraceBehavior [ RunTime:0.000000s ]
INFO: [ app_end ] --END-- [ RunTime:0.000000s ]

[ 2017-05-22T11:04:41+08:00 ] 127.0.0.1 /Home/user/addexam
INFO: [ app_init ] --START--
INFO: Run Behavior\BuildLiteBehavior [ RunTime:0.000000s ]
INFO: [ app_init ] --END-- [ RunTime:0.000000s ]
INFO: [ app_begin ] --START--
INFO: Run Behavior\ReadHtmlCacheBehavior [ RunTime:0.000000s ]
INFO: [ app_begin ] --END-- [ RunTime:0.000000s ]
SQL: SHOW COLUMNS FROM `zone` [ RunTime:0.0020s ]
SQL: SELECT `zone_id`,`zone_name` FROM `zone`  [ RunTime:0.0000s ]
SQL: SHOW COLUMNS FROM `subject` [ RunTime:0.0020s ]
SQL: SELECT * FROM `subject`  [ RunTime:0.0000s ]
INFO: [ view_parse ] --START--
INFO: [ template_filter ] --START--
INFO: Run Behavior\ContentReplaceBehavior [ RunTime:0.000000s ]
INFO: [ template_filter ] --END-- [ RunTime:0.000000s ]
INFO: Run Behavior\ParseTemplateBehavior [ RunTime:0.119006s ]
INFO: [ view_parse ] --END-- [ RunTime:0.119006s ]
INFO: [ view_filter ] --START--
INFO: Run Behavior\WriteHtmlCacheBehavior [ RunTime:0.000000s ]
INFO: [ view_filter ] --END-- [ RunTime:0.000000s ]
INFO: [ app_end ] --START--
INFO: Run Behavior\ShowPageTraceBehavior [ RunTime:0.001001s ]
INFO: [ app_end ] --END-- [ RunTime:0.001001s ]

[ 2017-05-22T11:05:09+08:00 ] 127.0.0.1 /index.php/Home/User/addExam
INFO: [ app_init ] --START--
INFO: Run Behavior\BuildLiteBehavior [ RunTime:0.000000s ]
INFO: [ app_init ] --END-- [ RunTime:0.000000s ]
INFO: [ app_begin ] --START--
INFO: Run Behavior\ReadHtmlCacheBehavior [ RunTime:0.000000s ]
INFO: [ app_begin ] --END-- [ RunTime:0.000000s ]
SQL: SHOW COLUMNS FROM `zone` [ RunTime:0.0030s ]
SQL: SELECT `zone_id`,`zone_name` FROM `zone`  [ RunTime:0.0000s ]
SQL: SHOW COLUMNS FROM `subject` [ RunTime:0.0020s ]
SQL: SELECT * FROM `subject`  [ RunTime:0.0000s ]
INFO: [ view_parse ] --START--
INFO: [ template_filter ] --START--
INFO: Run Behavior\ContentReplaceBehavior [ RunTime:0.000000s ]
INFO: [ template_filter ] --END-- [ RunTime:0.000000s ]
INFO: Run Behavior\ParseTemplateBehavior [ RunTime:0.011001s ]
INFO: [ view_parse ] --END-- [ RunTime:0.011001s ]
INFO: [ view_filter ] --START--
INFO: Run Behavior\WriteHtmlCacheBehavior [ RunTime:0.001000s ]
INFO: [ view_filter ] --END-- [ RunTime:0.001000s ]
INFO: [ app_end ] --START--
INFO: Run Behavior\ShowPageTraceBehavior [ RunTime:0.000000s ]
INFO: [ app_end ] --END-- [ RunTime:0.000000s ]

[ 2017-05-22T11:05:17+08:00 ] 127.0.0.1 /index.php/Home/User/actionhehehe
INFO: [ app_init ] --START--
INFO: Run Behavior\BuildLiteBehavior [ RunTime:0.000000s ]
INFO: [ app_init ] --END-- [ RunTime:0.001000s ]
INFO: [ app_begin ] --START--
INFO: Run Behavior\ReadHtmlCacheBehavior [ RunTime:0.001000s ]
INFO: [ app_begin ] --END-- [ RunTime:0.001000s ]
SQL: select * from zone where 1 [ RunTime:0.0000s ]
SQL: select s.subject,i.url1,i.url2 from information as i inner join subject as s on i.course_id=s.id where i.zone_id=15 [ RunTime:0.0000s ]
SQL: select s.subject,i.url1,i.url2 from information as i inner join subject as s on i.course_id=s.id where i.zone_id=16 [ RunTime:0.0000s ]
SQL: select s.subject,i.url1,i.url2 from information as i inner join subject as s on i.course_id=s.id where i.zone_id=18 [ RunTime:0.0000s ]
SQL: select s.subject,i.url1,i.url2 from information as i inner join subject as s on i.course_id=s.id where i.zone_id=19 [ RunTime:0.0000s ]
ERR: 1146:Table 'mangagerurl.con_tit' doesn't exist
 [ SQL语句 ] : SHOW COLUMNS FROM `con_tit`
ERR: 1146:Table 'mangagerurl.con_tit' doesn't exist
 [ SQL语句 ] : SHOW COLUMNS FROM `con_tit`

[ 2017-05-22T11:05:41+08:00 ] 127.0.0.1 /index.php/Home/User/actionhehehe
INFO: [ app_init ] --START--
INFO: Run Behavior\BuildLiteBehavior [ RunTime:0.000000s ]
INFO: [ app_init ] --END-- [ RunTime:0.001000s ]
INFO: [ app_begin ] --START--
INFO: Run Behavior\ReadHtmlCacheBehavior [ RunTime:0.001000s ]
INFO: [ app_begin ] --END-- [ RunTime:0.001000s ]
SQL: select * from zone where 1 [ RunTime:0.0010s ]
SQL: select s.subject,i.url1,i.url2 from information as i inner join subject as s on i.course_id=s.id where i.zone_id=15 [ RunTime:0.0000s ]
SQL: select s.subject,i.url1,i.url2 from information as i inner join subject as s on i.course_id=s.id where i.zone_id=16 [ RunTime:0.0010s ]
SQL: select s.subject,i.url1,i.url2 from information as i inner join subject as s on i.course_id=s.id where i.zone_id=18 [ RunTime:0.0000s ]
SQL: select s.subject,i.url1,i.url2 from information as i inner join subject as s on i.course_id=s.id where i.zone_id=19 [ RunTime:0.0010s ]
ERR: 1146:Table 'mangagerurl.con_tit' doesn't exist
 [ SQL语句 ] : SHOW COLUMNS FROM `con_tit`
ERR: 1146:Table 'mangagerurl.con_tit' doesn't exist
 [ SQL语句 ] : SHOW COLUMNS FROM `con_tit`

[ 2017-05-22T11:06:25+08:00 ] 127.0.0.1 /index.php/Home/User/actionhehehe
INFO: [ app_init ] --START--
INFO: Run Behavior\BuildLiteBehavior [ RunTime:0.000000s ]
INFO: [ app_init ] --END-- [ RunTime:0.000000s ]
INFO: [ app_begin ] --START--
INFO: Run Behavior\ReadHtmlCacheBehavior [ RunTime:0.001000s ]
INFO: [ app_begin ] --END-- [ RunTime:0.001000s ]
SQL: select * from zone where 1 [ RunTime:0.0000s ]
SQL: select s.subject,i.url1,i.url2 from information as i inner join subject as s on i.course_id=s.id where i.zone_id=15 [ RunTime:0.0010s ]
SQL: select s.subject,i.url1,i.url2 from information as i inner join subject as s on i.course_id=s.id where i.zone_id=16 [ RunTime:0.0000s ]
SQL: select s.subject,i.url1,i.url2 from information as i inner join subject as s on i.course_id=s.id where i.zone_id=18 [ RunTime:0.0010s ]
SQL: select s.subject,i.url1,i.url2 from information as i inner join subject as s on i.course_id=s.id where i.zone_id=19 [ RunTime:0.0000s ]
ERR: 1146:Table 'mangagerurl.con_tit' doesn't exist
 [ SQL语句 ] : SHOW COLUMNS FROM `con_tit`
ERR: 1146:Table 'mangagerurl.con_tit' doesn't exist
 [ SQL语句 ] : SHOW COLUMNS FROM `con_tit`

[ 2017-05-22T11:06:27+08:00 ] 127.0.0.1 /index.php/Home/User/actionhehehe
INFO: [ app_init ] --START--
INFO: Run Behavior\BuildLiteBehavior [ RunTime:0.000000s ]
INFO: [ app_init ] --END-- [ RunTime:0.000000s ]
INFO: [ app_begin ] --START--
INFO: Run Behavior\ReadHtmlCacheBehavior [ RunTime:0.000000s ]
INFO: [ app_begin ] --END-- [ RunTime:0.000000s ]
SQL: select * from zone where 1 [ RunTime:0.0010s ]
SQL: select s.subject,i.url1,i.url2 from information as i inner join subject as s on i.course_id=s.id where i.zone_id=15 [ RunTime:0.0000s ]
SQL: select s.subject,i.url1,i.url2 from information as i inner join subject as s on i.course_id=s.id where i.zone_id=16 [ RunTime:0.0000s ]
SQL: select s.subject,i.url1,i.url2 from information as i inner join subject as s on i.course_id=s.id where i.zone_id=18 [ RunTime:0.0010s ]
SQL: select s.subject,i.url1,i.url2 from information as i inner join subject as s on i.course_id=s.id where i.zone_id=19 [ RunTime:0.0000s ]
ERR: 1146:Table 'mangagerurl.con_tit' doesn't exist
 [ SQL语句 ] : SHOW COLUMNS FROM `con_tit`
ERR: 1146:Table 'mangagerurl.con_tit' doesn't exist
 [ SQL语句 ] : SHOW COLUMNS FROM `con_tit`

[ 2017-05-22T11:06:28+08:00 ] 127.0.0.1 /index.php/Home/User/actionhehehe
INFO: [ app_init ] --START--
INFO: Run Behavior\BuildLiteBehavior [ RunTime:0.000000s ]
INFO: [ app_init ] --END-- [ RunTime:0.001001s ]
INFO: [ app_begin ] --START--
INFO: Run Behavior\ReadHtmlCacheBehavior [ RunTime:0.001000s ]
INFO: [ app_begin ] --END-- [ RunTime:0.001000s ]
SQL: select * from zone where 1 [ RunTime:0.0010s ]
SQL: select s.subject,i.url1,i.url2 from information as i inner join subject as s on i.course_id=s.id where i.zone_id=15 [ RunTime:0.0010s ]
SQL: select s.subject,i.url1,i.url2 from information as i inner join subject as s on i.course_id=s.id where i.zone_id=16 [ RunTime:0.0000s ]
SQL: select s.subject,i.url1,i.url2 from information as i inner join subject as s on i.course_id=s.id where i.zone_id=18 [ RunTime:0.0010s ]
SQL: select s.subject,i.url1,i.url2 from information as i inner join subject as s on i.course_id=s.id where i.zone_id=19 [ RunTime:0.0000s ]
ERR: 1146:Table 'mangagerurl.con_tit' doesn't exist
 [ SQL语句 ] : SHOW COLUMNS FROM `con_tit`
ERR: 1146:Table 'mangagerurl.con_tit' doesn't exist
 [ SQL语句 ] : SHOW COLUMNS FROM `con_tit`

[ 2017-05-22T11:07:39+08:00 ] 127.0.0.1 /index.php/Home/User/actionhehehe
INFO: [ app_init ] --START--
INFO: Run Behavior\BuildLiteBehavior [ RunTime:0.000000s ]
INFO: [ app_init ] --END-- [ RunTime:0.000000s ]
INFO: [ app_begin ] --START--
INFO: Run Behavior\ReadHtmlCacheBehavior [ RunTime:0.001000s ]
INFO: [ app_begin ] --END-- [ RunTime:0.001000s ]
SQL: select * from zone where 1 [ RunTime:0.0010s ]
SQL: select s.subject,i.url1,i.url2 from information as i inner join subject as s on i.course_id=s.id where i.zone_id=15 [ RunTime:0.0000s ]
SQL: select s.subject,i.url1,i.url2 from information as i inner join subject as s on i.course_id=s.id where i.zone_id=16 [ RunTime:0.0000s ]
SQL: select s.subject,i.url1,i.url2 from information as i inner join subject as s on i.course_id=s.id where i.zone_id=18 [ RunTime:0.0000s ]
SQL: select s.subject,i.url1,i.url2 from information as i inner join subject as s on i.course_id=s.id where i.zone_id=19 [ RunTime:0.0000s ]
ERR: 1146:Table 'mangagerurl.con_tit' doesn't exist
 [ SQL语句 ] : SHOW COLUMNS FROM `con_tit`
ERR: 1146:Table 'mangagerurl.con_tit' doesn't exist
 [ SQL语句 ] : SHOW COLUMNS FROM `con_tit`

[ 2017-05-22T11:07:40+08:00 ] 127.0.0.1 /index.php/Home/User/actionhehehe
INFO: [ app_init ] --START--
INFO: Run Behavior\BuildLiteBehavior [ RunTime:0.000000s ]
INFO: [ app_init ] --END-- [ RunTime:0.001000s ]
INFO: [ app_begin ] --START--
INFO: Run Behavior\ReadHtmlCacheBehavior [ RunTime:0.000000s ]
INFO: [ app_begin ] --END-- [ RunTime:0.001000s ]
SQL: select * from zone where 1 [ RunTime:0.0010s ]
SQL: select s.subject,i.url1,i.url2 from information as i inner join subject as s on i.course_id=s.id where i.zone_id=15 [ RunTime:0.0000s ]
SQL: select s.subject,i.url1,i.url2 from information as i inner join subject as s on i.course_id=s.id where i.zone_id=16 [ RunTime:0.0000s ]
SQL: select s.subject,i.url1,i.url2 from information as i inner join subject as s on i.course_id=s.id where i.zone_id=18 [ RunTime:0.0010s ]
SQL: select s.subject,i.url1,i.url2 from information as i inner join subject as s on i.course_id=s.id where i.zone_id=19 [ RunTime:0.0000s ]
ERR: 1146:Table 'mangagerurl.con_tit' doesn't exist
 [ SQL语句 ] : SHOW COLUMNS FROM `con_tit`
ERR: 1146:Table 'mangagerurl.con_tit' doesn't exist
 [ SQL语句 ] : SHOW COLUMNS FROM `con_tit`

[ 2017-05-22T11:07:41+08:00 ] 127.0.0.1 /index.php/Home/User/actionhehehe
INFO: [ app_init ] --START--
INFO: Run Behavior\BuildLiteBehavior [ RunTime:0.000000s ]
INFO: [ app_init ] --END-- [ RunTime:0.001000s ]
INFO: [ app_begin ] --START--
INFO: Run Behavior\ReadHtmlCacheBehavior [ RunTime:0.001000s ]
INFO: [ app_begin ] --END-- [ RunTime:0.001000s ]
SQL: select * from zone where 1 [ RunTime:0.0010s ]
SQL: select s.subject,i.url1,i.url2 from information as i inner join subject as s on i.course_id=s.id where i.zone_id=15 [ RunTime:0.0000s ]
SQL: select s.subject,i.url1,i.url2 from information as i inner join subject as s on i.course_id=s.id where i.zone_id=16 [ RunTime:0.0000s ]
SQL: select s.subject,i.url1,i.url2 from information as i inner join subject as s on i.course_id=s.id where i.zone_id=18 [ RunTime:0.0010s ]
SQL: select s.subject,i.url1,i.url2 from information as i inner join subject as s on i.course_id=s.id where i.zone_id=19 [ RunTime:0.0000s ]
ERR: 1146:Table 'mangagerurl.con_tit' doesn't exist
 [ SQL语句 ] : SHOW COLUMNS FROM `con_tit`
ERR: 1146:Table 'mangagerurl.con_tit' doesn't exist
 [ SQL语句 ] : SHOW COLUMNS FROM `con_tit`

[ 2017-05-22T11:07:42+08:00 ] 127.0.0.1 /index.php/Home/User/actionhehehe
INFO: [ app_init ] --START--
INFO: Run Behavior\BuildLiteBehavior [ RunTime:0.000000s ]
INFO: [ app_init ] --END-- [ RunTime:0.001000s ]
INFO: [ app_begin ] --START--
INFO: Run Behavior\ReadHtmlCacheBehavior [ RunTime:0.000000s ]
INFO: [ app_begin ] --END-- [ RunTime:0.001000s ]
SQL: select * from zone where 1 [ RunTime:0.0000s ]
SQL: select s.subject,i.url1,i.url2 from information as i inner join subject as s on i.course_id=s.id where i.zone_id=15 [ RunTime:0.0010s ]
SQL: select s.subject,i.url1,i.url2 from information as i inner join subject as s on i.course_id=s.id where i.zone_id=16 [ RunTime:0.0000s ]
SQL: select s.subject,i.url1,i.url2 from information as i inner join subject as s on i.course_id=s.id where i.zone_id=18 [ RunTime:0.0010s ]
SQL: select s.subject,i.url1,i.url2 from information as i inner join subject as s on i.course_id=s.id where i.zone_id=19 [ RunTime:0.0000s ]
ERR: 1146:Table 'mangagerurl.con_tit' doesn't exist
 [ SQL语句 ] : SHOW COLUMNS FROM `con_tit`
ERR: 1146:Table 'mangagerurl.con_tit' doesn't exist
 [ SQL语句 ] : SHOW COLUMNS FROM `con_tit`

[ 2017-05-22T11:08:28+08:00 ] 127.0.0.1 /index.php/Home/User/actionhehehe
INFO: [ app_init ] --START--
INFO: Run Behavior\BuildLiteBehavior [ RunTime:0.000000s ]
INFO: [ app_init ] --END-- [ RunTime:0.000000s ]
INFO: [ app_begin ] --START--
INFO: Run Behavior\ReadHtmlCacheBehavior [ RunTime:0.001000s ]
INFO: [ app_begin ] --END-- [ RunTime:0.001000s ]
SQL: select * from zone where 1 [ RunTime:0.0010s ]
SQL: select s.subject,i.url1,i.url2,i.id from information as i inner join subject as s on i.course_id=s.id where i.zone_id=15 [ RunTime:0.0000s ]
SQL: select s.subject,i.url1,i.url2,i.id from information as i inner join subject as s on i.course_id=s.id where i.zone_id=16 [ RunTime:0.0010s ]
SQL: select s.subject,i.url1,i.url2,i.id from information as i inner join subject as s on i.course_id=s.id where i.zone_id=18 [ RunTime:0.0000s ]
SQL: select s.subject,i.url1,i.url2,i.id from information as i inner join subject as s on i.course_id=s.id where i.zone_id=19 [ RunTime:0.0010s ]
SQL: SHOW COLUMNS FROM `con_title` [ RunTime:0.0030s ]
SQL: SELECT * FROM `con_title`  [ RunTime:0.0000s ]
INFO: [ view_parse ] --START--
INFO: [ template_filter ] --START--
INFO: Run Behavior\ContentReplaceBehavior [ RunTime:0.000000s ]
INFO: [ template_filter ] --END-- [ RunTime:0.000000s ]
INFO: Run Behavior\ParseTemplateBehavior [ RunTime:0.055003s ]
INFO: [ view_parse ] --END-- [ RunTime:0.055003s ]
INFO: [ view_filter ] --START--
INFO: Run Behavior\WriteHtmlCacheBehavior [ RunTime:0.000000s ]
INFO: [ view_filter ] --END-- [ RunTime:0.000000s ]
INFO: [ app_end ] --START--
INFO: Run Behavior\ShowPageTraceBehavior [ RunTime:0.001000s ]
INFO: [ app_end ] --END-- [ RunTime:0.001000s ]

[ 2017-05-22T11:08:28+08:00 ] 127.0.0.1 /index.php/Home/User/_/Public/Admin/js/index.js
INFO: [ app_init ] --START--
INFO: Run Behavior\BuildLiteBehavior [ RunTime:0.000000s ]
INFO: [ app_init ] --END-- [ RunTime:0.000000s ]
INFO: [ app_begin ] --START--
INFO: Run Behavior\ReadHtmlCacheBehavior [ RunTime:0.000000s ]
INFO: [ app_begin ] --END-- [ RunTime:0.000000s ]
ERR: 非法操作:_

[ 2017-05-22T11:08:29+08:00 ] 127.0.0.1 /index.php/Home/User/_/Public/Admin/js/index.js
INFO: [ app_init ] --START--
INFO: Run Behavior\BuildLiteBehavior [ RunTime:0.000000s ]
INFO: [ app_init ] --END-- [ RunTime:0.001000s ]
INFO: [ app_begin ] --START--
INFO: Run Behavior\ReadHtmlCacheBehavior [ RunTime:0.001000s ]
INFO: [ app_begin ] --END-- [ RunTime:0.001000s ]
ERR: 非法操作:_

[ 2017-05-22T11:08:49+08:00 ] 127.0.0.1 /index.php/Home/User/actionhehehe
INFO: [ app_init ] --START--
INFO: Run Behavior\BuildLiteBehavior [ RunTime:0.000000s ]
INFO: [ app_init ] --END-- [ RunTime:0.000000s ]
INFO: [ app_begin ] --START--
INFO: Run Behavior\ReadHtmlCacheBehavior [ RunTime:0.000000s ]
INFO: [ app_begin ] --END-- [ RunTime:0.000000s ]
SQL: select * from zone where 1 [ RunTime:0.0010s ]
SQL: select s.subject,i.url1,i.url2,i.id from information as i inner join subject as s on i.course_id=s.id where i.zone_id=15 [ RunTime:0.0000s ]
SQL: select s.subject,i.url1,i.url2,i.id from information as i inner join subject as s on i.course_id=s.id where i.zone_id=16 [ RunTime:0.0010s ]
SQL: select s.subject,i.url1,i.url2,i.id from information as i inner join subject as s on i.course_id=s.id where i.zone_id=18 [ RunTime:0.0000s ]
SQL: select s.subject,i.url1,i.url2,i.id from information as i inner join subject as s on i.course_id=s.id where i.zone_id=19 [ RunTime:0.0000s ]
SQL: SHOW COLUMNS FROM `con_title` [ RunTime:0.0020s ]
SQL: SELECT * FROM `con_title`  [ RunTime:0.0010s ]
INFO: [ view_parse ] --START--
INFO: [ template_filter ] --START--
INFO: Run Behavior\ContentReplaceBehavior [ RunTime:0.000000s ]
INFO: [ template_filter ] --END-- [ RunTime:0.000000s ]
INFO: Run Behavior\ParseTemplateBehavior [ RunTime:0.006000s ]
INFO: [ view_parse ] --END-- [ RunTime:0.006000s ]
INFO: [ view_filter ] --START--
INFO: Run Behavior\WriteHtmlCacheBehavior [ RunTime:0.000000s ]
INFO: [ view_filter ] --END-- [ RunTime:0.000000s ]
INFO: [ app_end ] --START--
INFO: Run Behavior\ShowPageTraceBehavior [ RunTime:0.000000s ]
INFO: [ app_end ] --END-- [ RunTime:0.000000s ]

[ 2017-05-22T11:08:49+08:00 ] 127.0.0.1 /index.php/Home/User/_/Public/Admin/js/index.js
INFO: [ app_init ] --START--
INFO: Run Behavior\BuildLiteBehavior [ RunTime:0.000000s ]
INFO: [ app_init ] --END-- [ RunTime:0.000000s ]
INFO: [ app_begin ] --START--
INFO: Run Behavior\ReadHtmlCacheBehavior [ RunTime:0.001000s ]
INFO: [ app_begin ] --END-- [ RunTime:0.001000s ]
ERR: 非法操作:_

[ 2017-05-22T11:08:57+08:00 ] 127.0.0.1 /index.php/Home/User/actionhehehe
INFO: [ app_init ] --START--
INFO: Run Behavior\BuildLiteBehavior [ RunTime:0.000000s ]
INFO: [ app_init ] --END-- [ RunTime:0.001000s ]
INFO: [ app_begin ] --START--
INFO: Run Behavior\ReadHtmlCacheBehavior [ RunTime:0.000000s ]
INFO: [ app_begin ] --END-- [ RunTime:0.000000s ]
SQL: select * from zone where 1 [ RunTime:0.0010s ]
SQL: select s.subject,i.url1,i.url2,i.id from information as i inner join subject as s on i.course_id=s.id where i.zone_id=15 [ RunTime:0.0000s ]
SQL: select s.subject,i.url1,i.url2,i.id from information as i inner join subject as s on i.course_id=s.id where i.zone_id=16 [ RunTime:0.0010s ]
SQL: select s.subject,i.url1,i.url2,i.id from information as i inner join subject as s on i.course_id=s.id where i.zone_id=18 [ RunTime:0.0000s ]
SQL: select s.subject,i.url1,i.url2,i.id from information as i inner join subject as s on i.course_id=s.id where i.zone_id=19 [ RunTime:0.0000s ]
SQL: SHOW COLUMNS FROM `con_title` [ RunTime:0.0020s ]
SQL: SELECT * FROM `con_title`  [ RunTime:0.0000s ]
INFO: [ view_parse ] --START--
INFO: [ template_filter ] --START--
INFO: Run Behavior\ContentReplaceBehavior [ RunTime:0.000000s ]
INFO: [ template_filter ] --END-- [ RunTime:0.000000s ]
INFO: Run Behavior\ParseTemplateBehavior [ RunTime:0.006000s ]
INFO: [ view_parse ] --END-- [ RunTime:0.006000s ]
INFO: [ view_filter ] --START--
INFO: Run Behavior\WriteHtmlCacheBehavior [ RunTime:0.001000s ]
INFO: [ view_filter ] --END-- [ RunTime:0.001000s ]
INFO: [ app_end ] --START--
INFO: Run Behavior\ShowPageTraceBehavior [ RunTime:0.000000s ]
INFO: [ app_end ] --END-- [ RunTime:0.000000s ]

[ 2017-05-22T11:08:57+08:00 ] 127.0.0.1 /index.php/Home/User/_/Public/Admin/js/index.js
INFO: [ app_init ] --START--
INFO: Run Behavior\BuildLiteBehavior [ RunTime:0.000000s ]
INFO: [ app_init ] --END-- [ RunTime:0.000000s ]
INFO: [ app_begin ] --START--
INFO: Run Behavior\ReadHtmlCacheBehavior [ RunTime:0.000000s ]
INFO: [ app_begin ] --END-- [ RunTime:0.000000s ]
ERR: 非法操作:_

[ 2017-05-22T11:09:39+08:00 ] 127.0.0.1 /index.php/Home/User/actionhehehe
INFO: [ app_init ] --START--
INFO: Run Behavior\BuildLiteBehavior [ RunTime:0.000000s ]
INFO: [ app_init ] --END-- [ RunTime:0.000000s ]
INFO: [ app_begin ] --START--
INFO: Run Behavior\ReadHtmlCacheBehavior [ RunTime:0.001000s ]
INFO: [ app_begin ] --END-- [ RunTime:0.001000s ]
SQL: select * from zone where 1 [ RunTime:0.0000s ]
SQL: select s.subject,i.url1,i.url2,i.id from information as i inner join subject as s on i.course_id=s.id where i.zone_id=15 [ RunTime:0.0000s ]
SQL: select s.subject,i.url1,i.url2,i.id from information as i inner join subject as s on i.course_id=s.id where i.zone_id=16 [ RunTime:0.0010s ]
SQL: select s.subject,i.url1,i.url2,i.id from information as i inner join subject as s on i.course_id=s.id where i.zone_id=18 [ RunTime:0.0000s ]
SQL: select s.subject,i.url1,i.url2,i.id from information as i inner join subject as s on i.course_id=s.id where i.zone_id=19 [ RunTime:0.0010s ]
SQL: SHOW COLUMNS FROM `con_title` [ RunTime:0.0020s ]
SQL: SELECT * FROM `con_title`  [ RunTime:0.0000s ]
INFO: [ view_parse ] --START--
INFO: [ template_filter ] --START--
INFO: Run Behavior\ContentReplaceBehavior [ RunTime:0.000000s ]
INFO: [ template_filter ] --END-- [ RunTime:0.000000s ]
INFO: Run Behavior\ParseTemplateBehavior [ RunTime:0.006000s ]
INFO: [ view_parse ] --END-- [ RunTime:0.006000s ]
INFO: [ view_filter ] --START--
INFO: Run Behavior\WriteHtmlCacheBehavior [ RunTime:0.000000s ]
INFO: [ view_filter ] --END-- [ RunTime:0.000000s ]
INFO: [ app_end ] --START--
INFO: Run Behavior\ShowPageTraceBehavior [ RunTime:0.000000s ]
INFO: [ app_end ] --END-- [ RunTime:0.001000s ]

[ 2017-05-22T11:09:39+08:00 ] 127.0.0.1 /index.php/Home/User/_/Public/Admin/js/index.js
INFO: [ app_init ] --START--
INFO: Run Behavior\BuildLiteBehavior [ RunTime:0.000000s ]
INFO: [ app_init ] --END-- [ RunTime:0.001001s ]
INFO: [ app_begin ] --START--
INFO: Run Behavior\ReadHtmlCacheBehavior [ RunTime:0.001000s ]
INFO: [ app_begin ] --END-- [ RunTime:0.001000s ]
ERR: 非法操作:_

[ 2017-05-22T11:11:01+08:00 ] 127.0.0.1 /index.php/Home/User/actionhehehe
INFO: [ app_init ] --START--
INFO: Run Behavior\BuildLiteBehavior [ RunTime:0.000000s ]
INFO: [ app_init ] --END-- [ RunTime:0.000000s ]
INFO: [ app_begin ] --START--
INFO: Run Behavior\ReadHtmlCacheBehavior [ RunTime:0.000000s ]
INFO: [ app_begin ] --END-- [ RunTime:0.000000s ]
SQL: select * from zone where 1 [ RunTime:0.0000s ]
SQL: select s.subject,i.url1,i.url2,i.id from information as i inner join subject as s on i.course_id=s.id where i.zone_id=15 [ RunTime:0.0000s ]
SQL: select s.subject,i.url1,i.url2,i.id from information as i inner join subject as s on i.course_id=s.id where i.zone_id=16 [ RunTime:0.0010s ]
SQL: select s.subject,i.url1,i.url2,i.id from information as i inner join subject as s on i.course_id=s.id where i.zone_id=18 [ RunTime:0.0000s ]
SQL: select s.subject,i.url1,i.url2,i.id from information as i inner join subject as s on i.course_id=s.id where i.zone_id=19 [ RunTime:0.0010s ]
SQL: SHOW COLUMNS FROM `con_title` [ RunTime:0.0030s ]
SQL: SELECT * FROM `con_title`  [ RunTime:0.0000s ]
INFO: [ view_parse ] --START--
INFO: [ template_filter ] --START--
INFO: Run Behavior\ContentReplaceBehavior [ RunTime:0.000000s ]
INFO: [ template_filter ] --END-- [ RunTime:0.000000s ]
INFO: Run Behavior\ParseTemplateBehavior [ RunTime:0.007000s ]
INFO: [ view_parse ] --END-- [ RunTime:0.007000s ]
INFO: [ view_filter ] --START--
INFO: Run Behavior\WriteHtmlCacheBehavior [ RunTime:0.000000s ]
INFO: [ view_filter ] --END-- [ RunTime:0.000000s ]
INFO: [ app_end ] --START--
INFO: Run Behavior\ShowPageTraceBehavior [ RunTime:0.001000s ]
INFO: [ app_end ] --END-- [ RunTime:0.001000s ]

[ 2017-05-22T11:11:01+08:00 ] 127.0.0.1 /index.php/Home/User/_/Public/Admin/js/index.js
INFO: [ app_init ] --START--
INFO: Run Behavior\BuildLiteBehavior [ RunTime:0.000000s ]
INFO: [ app_init ] --END-- [ RunTime:0.001000s ]
INFO: [ app_begin ] --START--
INFO: Run Behavior\ReadHtmlCacheBehavior [ RunTime:0.001000s ]
INFO: [ app_begin ] --END-- [ RunTime:0.001000s ]
ERR: 非法操作:_

[ 2017-05-22T11:14:18+08:00 ] 127.0.0.1 /index.php/Home/User/actionhehehe
INFO: [ app_init ] --START--
INFO: Run Behavior\BuildLiteBehavior [ RunTime:0.000000s ]
INFO: [ app_init ] --END-- [ RunTime:0.001000s ]
INFO: [ app_begin ] --START--
INFO: Run Behavior\ReadHtmlCacheBehavior [ RunTime:0.001000s ]
INFO: [ app_begin ] --END-- [ RunTime:0.001000s ]
SQL: select * from zone where 1 [ RunTime:0.0010s ]
SQL: select s.subject,i.url1,i.url2,i.id from information as i inner join subject as s on i.course_id=s.id where i.zone_id=15 [ RunTime:0.0000s ]
SQL: select s.subject,i.url1,i.url2,i.id from information as i inner join subject as s on i.course_id=s.id where i.zone_id=16 [ RunTime:0.0000s ]
SQL: select s.subject,i.url1,i.url2,i.id from information as i inner join subject as s on i.course_id=s.id where i.zone_id=18 [ RunTime:0.0000s ]
SQL: select s.subject,i.url1,i.url2,i.id from information as i inner join subject as s on i.course_id=s.id where i.zone_id=19 [ RunTime:0.0010s ]
SQL: SHOW COLUMNS FROM `con_title` [ RunTime:0.0030s ]
SQL: SELECT * FROM `con_title`  [ RunTime:0.0000s ]
INFO: [ view_parse ] --START--
INFO: [ template_filter ] --START--
INFO: Run Behavior\ContentReplaceBehavior [ RunTime:0.000000s ]
INFO: [ template_filter ] --END-- [ RunTime:0.000000s ]
NOTIC: [8] Undefined variable: key F:\xampp\htdocs\renshi\Application\Runtime\Cache\Home\f847f3f069f4bc1bddd38a6ab074e4b9.php 第 24 行.
NOTIC: [2] Invalid argument supplied for foreach() F:\xampp\htdocs\renshi\Application\Runtime\Cache\Home\f847f3f069f4bc1bddd38a6ab074e4b9.php 第 24 行.
INFO: Run Behavior\ParseTemplateBehavior [ RunTime:0.007001s ]
INFO: [ view_parse ] --END-- [ RunTime:0.007001s ]
INFO: [ view_filter ] --START--
INFO: Run Behavior\WriteHtmlCacheBehavior [ RunTime:0.001000s ]
INFO: [ view_filter ] --END-- [ RunTime:0.001000s ]
INFO: [ app_end ] --START--
INFO: Run Behavior\ShowPageTraceBehavior [ RunTime:0.001000s ]
INFO: [ app_end ] --END-- [ RunTime:0.001000s ]

[ 2017-05-22T11:14:18+08:00 ] 127.0.0.1 /index.php/Home/User/_/Public/Admin/js/index.js
INFO: [ app_init ] --START--
INFO: Run Behavior\BuildLiteBehavior [ RunTime:0.000000s ]
INFO: [ app_init ] --END-- [ RunTime:0.001000s ]
INFO: [ app_begin ] --START--
INFO: Run Behavior\ReadHtmlCacheBehavior [ RunTime:0.001000s ]
INFO: [ app_begin ] --END-- [ RunTime:0.001000s ]
ERR: 非法操作:_

[ 2017-05-22T11:14:43+08:00 ] 127.0.0.1 /index.php/Home/User/actionhehehe
INFO: [ app_init ] --START--
INFO: Run Behavior\BuildLiteBehavior [ RunTime:0.000000s ]
INFO: [ app_init ] --END-- [ RunTime:0.001000s ]
INFO: [ app_begin ] --START--
INFO: Run Behavior\ReadHtmlCacheBehavior [ RunTime:0.000000s ]
INFO: [ app_begin ] --END-- [ RunTime:0.001000s ]
SQL: select * from zone where 1 [ RunTime:0.0010s ]
SQL: select s.subject,i.url1,i.url2,i.id from information as i inner join subject as s on i.course_id=s.id where i.zone_id=15 [ RunTime:0.0000s ]
SQL: select s.subject,i.url1,i.url2,i.id from information as i inner join subject as s on i.course_id=s.id where i.zone_id=16 [ RunTime:0.0010s ]
SQL: select s.subject,i.url1,i.url2,i.id from information as i inner join subject as s on i.course_id=s.id where i.zone_id=18 [ RunTime:0.0000s ]
SQL: select s.subject,i.url1,i.url2,i.id from information as i inner join subject as s on i.course_id=s.id where i.zone_id=19 [ RunTime:0.0010s ]
SQL: SHOW COLUMNS FROM `con_title` [ RunTime:0.0030s ]
SQL: SELECT * FROM `con_title`  [ RunTime:0.0000s ]
INFO: [ view_parse ] --START--
INFO: [ template_filter ] --START--
INFO: Run Behavior\ContentReplaceBehavior [ RunTime:0.000000s ]
INFO: [ template_filter ] --END-- [ RunTime:0.000000s ]
INFO: Run Behavior\ParseTemplateBehavior [ RunTime:0.006000s ]
INFO: [ view_parse ] --END-- [ RunTime:0.007001s ]
INFO: [ view_filter ] --START--
INFO: Run Behavior\WriteHtmlCacheBehavior [ RunTime:0.000000s ]
INFO: [ view_filter ] --END-- [ RunTime:0.000000s ]
INFO: [ app_end ] --START--
INFO: Run Behavior\ShowPageTraceBehavior [ RunTime:0.000000s ]
INFO: [ app_end ] --END-- [ RunTime:0.000000s ]

[ 2017-05-22T11:14:43+08:00 ] 127.0.0.1 /index.php/Home/User/_/Public/Admin/js/index.js
INFO: [ app_init ] --START--
INFO: Run Behavior\BuildLiteBehavior [ RunTime:0.000000s ]
INFO: [ app_init ] --END-- [ RunTime:0.000000s ]
INFO: [ app_begin ] --START--
INFO: Run Behavior\ReadHtmlCacheBehavior [ RunTime:0.000000s ]
INFO: [ app_begin ] --END-- [ RunTime:0.000000s ]
ERR: 非法操作:_

[ 2017-05-22T11:15:19+08:00 ] 127.0.0.1 /index.php/Home/User/actionhehehe
INFO: [ app_init ] --START--
INFO: Run Behavior\BuildLiteBehavior [ RunTime:0.000000s ]
INFO: [ app_init ] --END-- [ RunTime:0.000000s ]
INFO: [ app_begin ] --START--
INFO: Run Behavior\ReadHtmlCacheBehavior [ RunTime:0.000000s ]
INFO: [ app_begin ] --END-- [ RunTime:0.000000s ]
SQL: select * from zone where 1 [ RunTime:0.0010s ]
SQL: select s.subject,i.url1,i.url2,i.id from information as i inner join subject as s on i.course_id=s.id where i.zone_id=15 [ RunTime:0.0010s ]
SQL: select s.subject,i.url1,i.url2,i.id from information as i inner join subject as s on i.course_id=s.id where i.zone_id=16 [ RunTime:0.0000s ]
SQL: select s.subject,i.url1,i.url2,i.id from information as i inner join subject as s on i.course_id=s.id where i.zone_id=18 [ RunTime:0.0010s ]
SQL: select s.subject,i.url1,i.url2,i.id from information as i inner join subject as s on i.course_id=s.id where i.zone_id=19 [ RunTime:0.0000s ]
SQL: SHOW COLUMNS FROM `con_title` [ RunTime:0.0030s ]
SQL: SELECT * FROM `con_title`  [ RunTime:0.0000s ]
INFO: [ view_parse ] --START--
INFO: [ template_filter ] --START--
INFO: Run Behavior\ContentReplaceBehavior [ RunTime:0.000000s ]
INFO: [ template_filter ] --END-- [ RunTime:0.000000s ]
INFO: Run Behavior\ParseTemplateBehavior [ RunTime:0.008000s ]
INFO: [ view_parse ] --END-- [ RunTime:0.008000s ]
INFO: [ view_filter ] --START--
INFO: Run Behavior\WriteHtmlCacheBehavior [ RunTime:0.000000s ]
INFO: [ view_filter ] --END-- [ RunTime:0.000000s ]
INFO: [ app_end ] --START--
INFO: Run Behavior\ShowPageTraceBehavior [ RunTime:0.001000s ]
INFO: [ app_end ] --END-- [ RunTime:0.001000s ]

[ 2017-05-22T11:15:19+08:00 ] 127.0.0.1 /index.php/Home/User/_/Public/Admin/js/index.js
INFO: [ app_init ] --START--
INFO: Run Behavior\BuildLiteBehavior [ RunTime:0.000000s ]
INFO: [ app_init ] --END-- [ RunTime:0.000000s ]
INFO: [ app_begin ] --START--
INFO: Run Behavior\ReadHtmlCacheBehavior [ RunTime:0.001000s ]
INFO: [ app_begin ] --END-- [ RunTime:0.001000s ]
ERR: 非法操作:_

[ 2017-05-22T11:16:33+08:00 ] 127.0.0.1 /index.php/Home/User/actionhehehe
INFO: [ app_init ] --START--
INFO: Run Behavior\BuildLiteBehavior [ RunTime:0.000000s ]
INFO: [ app_init ] --END-- [ RunTime:0.000000s ]
INFO: [ app_begin ] --START--
INFO: Run Behavior\ReadHtmlCacheBehavior [ RunTime:0.001000s ]
INFO: [ app_begin ] --END-- [ RunTime:0.001000s ]
SQL: select * from zone where 1 [ RunTime:0.0000s ]
SQL: select s.subject,i.url1,i.url2,i.id from information as i inner join subject as s on i.course_id=s.id where i.zone_id=15 [ RunTime:0.0010s ]
SQL: select s.subject,i.url1,i.url2,i.id from information as i inner join subject as s on i.course_id=s.id where i.zone_id=16 [ RunTime:0.0000s ]
SQL: select s.subject,i.url1,i.url2,i.id from information as i inner join subject as s on i.course_id=s.id where i.zone_id=18 [ RunTime:0.0010s ]
SQL: select s.subject,i.url1,i.url2,i.id from information as i inner join subject as s on i.course_id=s.id where i.zone_id=19 [ RunTime:0.0000s ]
SQL: SHOW COLUMNS FROM `con_title` [ RunTime:0.0030s ]
SQL: SELECT * FROM `con_title`  [ RunTime:0.0010s ]
INFO: [ view_parse ] --START--
INFO: [ template_filter ] --START--
INFO: Run Behavior\ContentReplaceBehavior [ RunTime:0.000000s ]
INFO: [ template_filter ] --END-- [ RunTime:0.000000s ]
INFO: Run Behavior\ParseTemplateBehavior [ RunTime:0.008001s ]
INFO: [ view_parse ] --END-- [ RunTime:0.008001s ]
INFO: [ view_filter ] --START--
INFO: Run Behavior\WriteHtmlCacheBehavior [ RunTime:0.000000s ]
INFO: [ view_filter ] --END-- [ RunTime:0.000000s ]
INFO: [ app_end ] --START--
INFO: Run Behavior\ShowPageTraceBehavior [ RunTime:0.001000s ]
INFO: [ app_end ] --END-- [ RunTime:0.001000s ]

[ 2017-05-22T11:16:33+08:00 ] 127.0.0.1 /index.php/Home/User/_/Public/Admin/js/index.js
INFO: [ app_init ] --START--
INFO: Run Behavior\BuildLiteBehavior [ RunTime:0.000000s ]
INFO: [ app_init ] --END-- [ RunTime:0.000000s ]
INFO: [ app_begin ] --START--
INFO: Run Behavior\ReadHtmlCacheBehavior [ RunTime:0.000000s ]
INFO: [ app_begin ] --END-- [ RunTime:0.001000s ]
ERR: 非法操作:_

[ 2017-05-22T11:16:34+08:00 ] 127.0.0.1 /index.php/Home/User/_/Public/Admin/js/index.js
INFO: [ app_init ] --START--
INFO: Run Behavior\BuildLiteBehavior [ RunTime:0.000000s ]
INFO: [ app_init ] --END-- [ RunTime:0.000000s ]
INFO: [ app_begin ] --START--
INFO: Run Behavior\ReadHtmlCacheBehavior [ RunTime:0.000000s ]
INFO: [ app_begin ] --END-- [ RunTime:0.000000s ]
ERR: 非法操作:_

[ 2017-05-22T11:17:12+08:00 ] 127.0.0.1 /index.php/Home/User/actionhehehe
INFO: [ app_init ] --START--
INFO: Run Behavior\BuildLiteBehavior [ RunTime:0.000000s ]
INFO: [ app_init ] --END-- [ RunTime:0.000000s ]
INFO: [ app_begin ] --START--
INFO: Run Behavior\ReadHtmlCacheBehavior [ RunTime:0.000000s ]
INFO: [ app_begin ] --END-- [ RunTime:0.000000s ]
SQL: select * from zone where 1 [ RunTime:0.0010s ]
SQL: select s.subject,i.url1,i.url2,i.id from information as i inner join subject as s on i.course_id=s.id where i.zone_id=15 [ RunTime:0.0000s ]
SQL: select s.subject,i.url1,i.url2,i.id from information as i inner join subject as s on i.course_id=s.id where i.zone_id=16 [ RunTime:0.0010s ]
SQL: select s.subject,i.url1,i.url2,i.id from information as i inner join subject as s on i.course_id=s.id where i.zone_id=18 [ RunTime:0.0000s ]
SQL: select s.subject,i.url1,i.url2,i.id from information as i inner join subject as s on i.course_id=s.id where i.zone_id=19 [ RunTime:0.0010s ]
SQL: SHOW COLUMNS FROM `con_title` [ RunTime:0.0020s ]
SQL: SELECT * FROM `con_title`  [ RunTime:0.0000s ]
INFO: [ view_parse ] --START--
INFO: [ template_filter ] --START--
INFO: Run Behavior\ContentReplaceBehavior [ RunTime:0.000000s ]
INFO: [ template_filter ] --END-- [ RunTime:0.000000s ]
INFO: Run Behavior\ParseTemplateBehavior [ RunTime:0.011001s ]
INFO: [ view_parse ] --END-- [ RunTime:0.011001s ]
INFO: [ view_filter ] --START--
INFO: Run Behavior\WriteHtmlCacheBehavior [ RunTime:0.000000s ]
INFO: [ view_filter ] --END-- [ RunTime:0.000000s ]
INFO: [ app_end ] --START--
INFO: Run Behavior\ShowPageTraceBehavior [ RunTime:0.001000s ]
INFO: [ app_end ] --END-- [ RunTime:0.001000s ]

[ 2017-05-22T11:17:12+08:00 ] 127.0.0.1 /index.php/Home/User/_/Public/Admin/js/index.js
INFO: [ app_init ] --START--
INFO: Run Behavior\BuildLiteBehavior [ RunTime:0.000000s ]
INFO: [ app_init ] --END-- [ RunTime:0.000000s ]
INFO: [ app_begin ] --START--
INFO: Run Behavior\ReadHtmlCacheBehavior [ RunTime:0.001000s ]
INFO: [ app_begin ] --END-- [ RunTime:0.001000s ]
ERR: 非法操作:_

[ 2017-05-22T11:17:12+08:00 ] 127.0.0.1 /index.php/Home/User/_/Public/Admin/js/index.js
INFO: [ app_init ] --START--
INFO: Run Behavior\BuildLiteBehavior [ RunTime:0.000000s ]
INFO: [ app_init ] --END-- [ RunTime:0.001001s ]
INFO: [ app_begin ] --START--
INFO: Run Behavior\ReadHtmlCacheBehavior [ RunTime:0.001000s ]
INFO: [ app_begin ] --END-- [ RunTime:0.001000s ]
ERR: 非法操作:_

[ 2017-05-22T11:17:13+08:00 ] 127.0.0.1 /index.php/Home/User/actionhehehe
INFO: [ app_init ] --START--
INFO: Run Behavior\BuildLiteBehavior [ RunTime:0.000000s ]
INFO: [ app_init ] --END-- [ RunTime:0.000000s ]
INFO: [ app_begin ] --START--
INFO: Run Behavior\ReadHtmlCacheBehavior [ RunTime:0.000000s ]
INFO: [ app_begin ] --END-- [ RunTime:0.000000s ]
SQL: select * from zone where 1 [ RunTime:0.0010s ]
SQL: select s.subject,i.url1,i.url2,i.id from information as i inner join subject as s on i.course_id=s.id where i.zone_id=15 [ RunTime:0.0010s ]
SQL: select s.subject,i.url1,i.url2,i.id from information as i inner join subject as s on i.course_id=s.id where i.zone_id=16 [ RunTime:0.0000s ]
SQL: select s.subject,i.url1,i.url2,i.id from information as i inner join subject as s on i.course_id=s.id where i.zone_id=18 [ RunTime:0.0010s ]
SQL: select s.subject,i.url1,i.url2,i.id from information as i inner join subject as s on i.course_id=s.id where i.zone_id=19 [ RunTime:0.0000s ]
SQL: SHOW COLUMNS FROM `con_title` [ RunTime:0.0030s ]
SQL: SELECT * FROM `con_title`  [ RunTime:0.0010s ]
INFO: [ view_parse ] --START--
INFO: [ template_filter ] --START--
INFO: Run Behavior\ContentReplaceBehavior [ RunTime:0.000000s ]
INFO: [ template_filter ] --END-- [ RunTime:0.000000s ]
INFO: Run Behavior\ParseTemplateBehavior [ RunTime:0.008001s ]
INFO: [ view_parse ] --END-- [ RunTime:0.008001s ]
INFO: [ view_filter ] --START--
INFO: Run Behavior\WriteHtmlCacheBehavior [ RunTime:0.000000s ]
INFO: [ view_filter ] --END-- [ RunTime:0.000000s ]
INFO: [ app_end ] --START--
INFO: Run Behavior\ShowPageTraceBehavior [ RunTime:0.000000s ]
INFO: [ app_end ] --END-- [ RunTime:0.000000s ]

[ 2017-05-22T11:17:13+08:00 ] 127.0.0.1 /index.php/Home/User/_/Public/Admin/js/index.js
INFO: [ app_init ] --START--
INFO: Run Behavior\BuildLiteBehavior [ RunTime:0.000000s ]
INFO: [ app_init ] --END-- [ RunTime:0.000000s ]
INFO: [ app_begin ] --START--
INFO: Run Behavior\ReadHtmlCacheBehavior [ RunTime:0.001000s ]
INFO: [ app_begin ] --END-- [ RunTime:0.001000s ]
ERR: 非法操作:_

[ 2017-05-22T11:17:14+08:00 ] 127.0.0.1 /index.php/Home/User/actionhehehe
INFO: [ app_init ] --START--
INFO: Run Behavior\BuildLiteBehavior [ RunTime:0.000000s ]
INFO: [ app_init ] --END-- [ RunTime:0.000000s ]
INFO: [ app_begin ] --START--
INFO: Run Behavior\ReadHtmlCacheBehavior [ RunTime:0.001000s ]
INFO: [ app_begin ] --END-- [ RunTime:0.001000s ]
SQL: select * from zone where 1 [ RunTime:0.0000s ]
SQL: select s.subject,i.url1,i.url2,i.id from information as i inner join subject as s on i.course_id=s.id where i.zone_id=15 [ RunTime:0.0010s ]
SQL: select s.subject,i.url1,i.url2,i.id from information as i inner join subject as s on i.course_id=s.id where i.zone_id=16 [ RunTime:0.0010s ]
SQL: select s.subject,i.url1,i.url2,i.id from information as i inner join subject as s on i.course_id=s.id where i.zone_id=18 [ RunTime:0.0000s ]
SQL: select s.subject,i.url1,i.url2,i.id from information as i inner join subject as s on i.course_id=s.id where i.zone_id=19 [ RunTime:0.0010s ]
SQL: SHOW COLUMNS FROM `con_title` [ RunTime:0.0030s ]
SQL: SELECT * FROM `con_title`  [ RunTime:0.0000s ]
INFO: [ view_parse ] --START--
INFO: [ template_filter ] --START--
INFO: Run Behavior\ContentReplaceBehavior [ RunTime:0.000000s ]
INFO: [ template_filter ] --END-- [ RunTime:0.000000s ]
INFO: Run Behavior\ParseTemplateBehavior [ RunTime:0.011000s ]
INFO: [ view_parse ] --END-- [ RunTime:0.011000s ]
INFO: [ view_filter ] --START--
INFO: Run Behavior\WriteHtmlCacheBehavior [ RunTime:0.001000s ]
INFO: [ view_filter ] --END-- [ RunTime:0.001000s ]
INFO: [ app_end ] --START--
INFO: Run Behavior\ShowPageTraceBehavior [ RunTime:0.000000s ]
INFO: [ app_end ] --END-- [ RunTime:0.000000s ]

[ 2017-05-22T11:17:14+08:00 ] 127.0.0.1 /index.php/Home/User/_/Public/Admin/js/index.js
INFO: [ app_init ] --START--
INFO: Run Behavior\BuildLiteBehavior [ RunTime:0.000000s ]
INFO: [ app_init ] --END-- [ RunTime:0.001000s ]
INFO: [ app_begin ] --START--
INFO: Run Behavior\ReadHtmlCacheBehavior [ RunTime:0.001000s ]
INFO: [ app_begin ] --END-- [ RunTime:0.001000s ]
ERR: 非法操作:_

[ 2017-05-22T11:17:14+08:00 ] 127.0.0.1 /index.php/Home/User/actionhehehe
INFO: [ app_init ] --START--
INFO: Run Behavior\BuildLiteBehavior [ RunTime:0.000000s ]
INFO: [ app_init ] --END-- [ RunTime:0.001000s ]
INFO: [ app_begin ] --START--
INFO: Run Behavior\ReadHtmlCacheBehavior [ RunTime:0.001000s ]
INFO: [ app_begin ] --END-- [ RunTime:0.001000s ]
SQL: select * from zone where 1 [ RunTime:0.0020s ]
SQL: select s.subject,i.url1,i.url2,i.id from information as i inner join subject as s on i.course_id=s.id where i.zone_id=15 [ RunTime:0.0010s ]
SQL: select s.subject,i.url1,i.url2,i.id from information as i inner join subject as s on i.course_id=s.id where i.zone_id=16 [ RunTime:0.0010s ]
SQL: select s.subject,i.url1,i.url2,i.id from information as i inner join subject as s on i.course_id=s.id where i.zone_id=18 [ RunTime:0.0000s ]
SQL: select s.subject,i.url1,i.url2,i.id from information as i inner join subject as s on i.course_id=s.id where i.zone_id=19 [ RunTime:0.0000s ]
SQL: SHOW COLUMNS FROM `con_title` [ RunTime:0.0030s ]
SQL: SELECT * FROM `con_title`  [ RunTime:0.0000s ]
INFO: [ view_parse ] --START--
INFO: [ template_filter ] --START--
INFO: Run Behavior\ContentReplaceBehavior [ RunTime:0.000000s ]
INFO: [ template_filter ] --END-- [ RunTime:0.000000s ]
INFO: Run Behavior\ParseTemplateBehavior [ RunTime:0.014001s ]
INFO: [ view_parse ] --END-- [ RunTime:0.014001s ]
INFO: [ view_filter ] --START--
INFO: Run Behavior\WriteHtmlCacheBehavior [ RunTime:0.001000s ]
INFO: [ view_filter ] --END-- [ RunTime:0.001000s ]
INFO: [ app_end ] --START--
INFO: Run Behavior\ShowPageTraceBehavior [ RunTime:0.001000s ]
INFO: [ app_end ] --END-- [ RunTime:0.001000s ]

[ 2017-05-22T11:17:14+08:00 ] 127.0.0.1 /index.php/Home/User/_/Public/Admin/js/index.js
INFO: [ app_init ] --START--
INFO: Run Behavior\BuildLiteBehavior [ RunTime:0.000000s ]
INFO: [ app_init ] --END-- [ RunTime:0.001000s ]
INFO: [ app_begin ] --START--
INFO: Run Behavior\ReadHtmlCacheBehavior [ RunTime:0.000000s ]
INFO: [ app_begin ] --END-- [ RunTime:0.000000s ]
ERR: 非法操作:_

[ 2017-05-22T11:17:14+08:00 ] 127.0.0.1 /index.php/Home/User/actionhehehe
INFO: [ app_init ] --START--
INFO: Run Behavior\BuildLiteBehavior [ RunTime:0.000000s ]
INFO: [ app_init ] --END-- [ RunTime:0.000000s ]
INFO: [ app_begin ] --START--
INFO: Run Behavior\ReadHtmlCacheBehavior [ RunTime:0.000000s ]
INFO: [ app_begin ] --END-- [ RunTime:0.000000s ]
SQL: select * from zone where 1 [ RunTime:0.0010s ]
SQL: select s.subject,i.url1,i.url2,i.id from information as i inner join subject as s on i.course_id=s.id where i.zone_id=15 [ RunTime:0.0010s ]
SQL: select s.subject,i.url1,i.url2,i.id from information as i inner join subject as s on i.course_id=s.id where i.zone_id=16 [ RunTime:0.0010s ]
SQL: select s.subject,i.url1,i.url2,i.id from information as i inner join subject as s on i.course_id=s.id where i.zone_id=18 [ RunTime:0.0010s ]
SQL: select s.subject,i.url1,i.url2,i.id from information as i inner join subject as s on i.course_id=s.id where i.zone_id=19 [ RunTime:0.0000s ]
SQL: SHOW COLUMNS FROM `con_title` [ RunTime:0.0050s ]
SQL: SELECT * FROM `con_title`  [ RunTime:0.0010s ]
INFO: [ view_parse ] --START--
INFO: [ template_filter ] --START--
INFO: Run Behavior\ContentReplaceBehavior [ RunTime:0.000000s ]
INFO: [ template_filter ] --END-- [ RunTime:0.000000s ]
INFO: Run Behavior\ParseTemplateBehavior [ RunTime:0.011000s ]
INFO: [ view_parse ] --END-- [ RunTime:0.011000s ]
INFO: [ view_filter ] --START--
INFO: Run Behavior\WriteHtmlCacheBehavior [ RunTime:0.001000s ]
INFO: [ view_filter ] --END-- [ RunTime:0.001000s ]
INFO: [ app_end ] --START--
INFO: Run Behavior\ShowPageTraceBehavior [ RunTime:0.001001s ]
INFO: [ app_end ] --END-- [ RunTime:0.001001s ]

[ 2017-05-22T11:17:14+08:00 ] 127.0.0.1 /index.php/Home/User/_/Public/Admin/js/index.js
INFO: [ app_init ] --START--
INFO: Run Behavior\BuildLiteBehavior [ RunTime:0.000000s ]
INFO: [ app_init ] --END-- [ RunTime:0.000000s ]
INFO: [ app_begin ] --START--
INFO: Run Behavior\ReadHtmlCacheBehavior [ RunTime:0.000000s ]
INFO: [ app_begin ] --END-- [ RunTime:0.000000s ]
ERR: 非法操作:_

[ 2017-05-22T11:17:14+08:00 ] 127.0.0.1 /index.php/Home/User/actionhehehe
INFO: [ app_init ] --START--
INFO: Run Behavior\BuildLiteBehavior [ RunTime:0.001000s ]
INFO: [ app_init ] --END-- [ RunTime:0.002000s ]
INFO: [ app_begin ] --START--
INFO: Run Behavior\ReadHtmlCacheBehavior [ RunTime:0.001000s ]
INFO: [ app_begin ] --END-- [ RunTime:0.001000s ]
SQL: select * from zone where 1 [ RunTime:0.0010s ]
SQL: select s.subject,i.url1,i.url2,i.id from information as i inner join subject as s on i.course_id=s.id where i.zone_id=15 [ RunTime:0.0010s ]
SQL: select s.subject,i.url1,i.url2,i.id from information as i inner join subject as s on i.course_id=s.id where i.zone_id=16 [ RunTime:0.0000s ]
SQL: select s.subject,i.url1,i.url2,i.id from information as i inner join subject as s on i.course_id=s.id where i.zone_id=18 [ RunTime:0.0000s ]
SQL: select s.subject,i.url1,i.url2,i.id from information as i inner join subject as s on i.course_id=s.id where i.zone_id=19 [ RunTime:0.0010s ]
SQL: SHOW COLUMNS FROM `con_title` [ RunTime:0.0040s ]
SQL: SELECT * FROM `con_title`  [ RunTime:0.0010s ]
INFO: [ view_parse ] --START--
INFO: [ template_filter ] --START--
INFO: Run Behavior\ContentReplaceBehavior [ RunTime:0.000000s ]
INFO: [ template_filter ] --END-- [ RunTime:0.000000s ]
INFO: Run Behavior\ParseTemplateBehavior [ RunTime:0.013001s ]
INFO: [ view_parse ] --END-- [ RunTime:0.013001s ]
INFO: [ view_filter ] --START--
INFO: Run Behavior\WriteHtmlCacheBehavior [ RunTime:0.000000s ]
INFO: [ view_filter ] --END-- [ RunTime:0.000000s ]
INFO: [ app_end ] --START--
INFO: Run Behavior\ShowPageTraceBehavior [ RunTime:0.001000s ]
INFO: [ app_end ] --END-- [ RunTime:0.001000s ]

[ 2017-05-22T11:17:14+08:00 ] 127.0.0.1 /index.php/Home/User/_/Public/Admin/js/index.js
INFO: [ app_init ] --START--
INFO: Run Behavior\BuildLiteBehavior [ RunTime:0.000000s ]
INFO: [ app_init ] --END-- [ RunTime:0.001000s ]
INFO: [ app_begin ] --START--
INFO: Run Behavior\ReadHtmlCacheBehavior [ RunTime:0.001000s ]
INFO: [ app_begin ] --END-- [ RunTime:0.001000s ]
ERR: 非法操作:_

[ 2017-05-22T11:17:15+08:00 ] 127.0.0.1 /index.php/Home/User/actionhehehe
INFO: [ app_init ] --START--
INFO: Run Behavior\BuildLiteBehavior [ RunTime:0.000000s ]
INFO: [ app_init ] --END-- [ RunTime:0.000000s ]
INFO: [ app_begin ] --START--
INFO: Run Behavior\ReadHtmlCacheBehavior [ RunTime:0.001000s ]
INFO: [ app_begin ] --END-- [ RunTime:0.001000s ]
SQL: select * from zone where 1 [ RunTime:0.0000s ]
SQL: select s.subject,i.url1,i.url2,i.id from information as i inner join subject as s on i.course_id=s.id where i.zone_id=15 [ RunTime:0.0010s ]
SQL: select s.subject,i.url1,i.url2,i.id from information as i inner join subject as s on i.course_id=s.id where i.zone_id=16 [ RunTime:0.0010s ]
SQL: select s.subject,i.url1,i.url2,i.id from information as i inner join subject as s on i.course_id=s.id where i.zone_id=18 [ RunTime:0.0010s ]
SQL: select s.subject,i.url1,i.url2,i.id from information as i inner join subject as s on i.course_id=s.id where i.zone_id=19 [ RunTime:0.0000s ]
SQL: SHOW COLUMNS FROM `con_title` [ RunTime:0.0040s ]
SQL: SELECT * FROM `con_title`  [ RunTime:0.0000s ]
INFO: [ view_parse ] --START--
INFO: [ template_filter ] --START--
INFO: Run Behavior\ContentReplaceBehavior [ RunTime:0.000000s ]
INFO: [ template_filter ] --END-- [ RunTime:0.000000s ]
INFO: Run Behavior\ParseTemplateBehavior [ RunTime:0.014001s ]
INFO: [ view_parse ] --END-- [ RunTime:0.015001s ]
INFO: [ view_filter ] --START--
INFO: Run Behavior\WriteHtmlCacheBehavior [ RunTime:0.000000s ]
INFO: [ view_filter ] --END-- [ RunTime:0.000000s ]
INFO: [ app_end ] --START--
INFO: Run Behavior\ShowPageTraceBehavior [ RunTime:0.001000s ]
INFO: [ app_end ] --END-- [ RunTime:0.001000s ]

[ 2017-05-22T11:17:15+08:00 ] 127.0.0.1 /index.php/Home/User/_/Public/Admin/js/index.js
INFO: [ app_init ] --START--
INFO: Run Behavior\BuildLiteBehavior [ RunTime:0.000000s ]
INFO: [ app_init ] --END-- [ RunTime:0.000000s ]
INFO: [ app_begin ] --START--
INFO: Run Behavior\ReadHtmlCacheBehavior [ RunTime:0.000000s ]
INFO: [ app_begin ] --END-- [ RunTime:0.000000s ]
ERR: 非法操作:_

[ 2017-05-22T11:17:54+08:00 ] 127.0.0.1 /index.php/Home/User/actionhehehe
INFO: [ app_init ] --START--
INFO: Run Behavior\BuildLiteBehavior [ RunTime:0.000000s ]
INFO: [ app_init ] --END-- [ RunTime:0.000000s ]
INFO: [ app_begin ] --START--
INFO: Run Behavior\ReadHtmlCacheBehavior [ RunTime:0.000000s ]
INFO: [ app_begin ] --END-- [ RunTime:0.000000s ]

[ 2017-05-22T11:17:54+08:00 ] 127.0.0.1 /index.php/Home/Login/login.html
INFO: [ app_init ] --START--
INFO: Run Behavior\BuildLiteBehavior [ RunTime:0.000000s ]
INFO: [ app_init ] --END-- [ RunTime:0.001000s ]
INFO: [ app_begin ] --START--
INFO: Run Behavior\ReadHtmlCacheBehavior [ RunTime:0.001000s ]
INFO: [ app_begin ] --END-- [ RunTime:0.001000s ]
NOTIC: [8] Undefined variable: result F:\xampp\htdocs\renshi\Application\Home\Controller\LoginController.class.php 第 28 行.
INFO: [ view_parse ] --START--
INFO: [ template_filter ] --START--
INFO: Run Behavior\ContentReplaceBehavior [ RunTime:0.000000s ]
INFO: [ template_filter ] --END-- [ RunTime:0.000000s ]
INFO: Run Behavior\ParseTemplateBehavior [ RunTime:0.020002s ]
INFO: [ view_parse ] --END-- [ RunTime:0.020002s ]
INFO: [ view_filter ] --START--
INFO: Run Behavior\WriteHtmlCacheBehavior [ RunTime:0.001000s ]
INFO: [ view_filter ] --END-- [ RunTime:0.001000s ]
INFO: [ app_end ] --START--
INFO: Run Behavior\ShowPageTraceBehavior [ RunTime:0.000000s ]
INFO: [ app_end ] --END-- [ RunTime:0.000000s ]

[ 2017-05-22T11:18:02+08:00 ] 127.0.0.1 /index.php/Home/Login/login.html
INFO: [ app_init ] --START--
INFO: Run Behavior\BuildLiteBehavior [ RunTime:0.000000s ]
INFO: [ app_init ] --END-- [ RunTime:0.001000s ]
INFO: [ app_begin ] --START--
INFO: Run Behavior\ReadHtmlCacheBehavior [ RunTime:0.001000s ]
INFO: [ app_begin ] --END-- [ RunTime:0.001000s ]
SQL: SHOW COLUMNS FROM `renshi_admin` [ RunTime:0.0030s ]
SQL: SELECT * FROM `renshi_admin` WHERE `aUser` = 'admin' AND `aPassword` = '202cb962ac59075b964b07152d234b70' LIMIT 1   [ RunTime:0.0010s ]

[ 2017-05-22T11:18:12+08:00 ] 127.0.0.1 /index.php/Home/Index/index.html
INFO: [ app_init ] --START--
INFO: Run Behavior\BuildLiteBehavior [ RunTime:0.000000s ]
INFO: [ app_init ] --END-- [ RunTime:0.000000s ]
INFO: [ app_begin ] --START--
INFO: Run Behavior\ReadHtmlCacheBehavior [ RunTime:0.001000s ]
INFO: [ app_begin ] --END-- [ RunTime:0.001000s ]
ERR: 无法加载控制器:Index

[ 2017-05-22T11:18:21+08:00 ] 127.0.0.1 /index.php/Home/User/index.html
INFO: [ app_init ] --START--
INFO: Run Behavior\BuildLiteBehavior [ RunTime:0.000000s ]
INFO: [ app_init ] --END-- [ RunTime:0.001000s ]
INFO: [ app_begin ] --START--
INFO: Run Behavior\ReadHtmlCacheBehavior [ RunTime:0.001000s ]
INFO: [ app_begin ] --END-- [ RunTime:0.001000s ]
INFO: [ view_parse ] --START--
INFO: [ template_filter ] --START--
INFO: Run Behavior\ContentReplaceBehavior [ RunTime:0.000000s ]
INFO: [ template_filter ] --END-- [ RunTime:0.000000s ]
INFO: Run Behavior\ParseTemplateBehavior [ RunTime:0.002000s ]
INFO: [ view_parse ] --END-- [ RunTime:0.002000s ]
INFO: [ view_filter ] --START--
INFO: Run Behavior\WriteHtmlCacheBehavior [ RunTime:0.000000s ]
INFO: [ view_filter ] --END-- [ RunTime:0.000000s ]
INFO: [ app_end ] --START--
INFO: Run Behavior\ShowPageTraceBehavior [ RunTime:0.001000s ]
INFO: [ app_end ] --END-- [ RunTime:0.001000s ]

[ 2017-05-22T11:18:31+08:00 ] 127.0.0.1 /index.php/Home/User/actionhehehe
INFO: [ app_init ] --START--
INFO: Run Behavior\BuildLiteBehavior [ RunTime:0.000000s ]
INFO: [ app_init ] --END-- [ RunTime:0.000000s ]
INFO: [ app_begin ] --START--
INFO: Run Behavior\ReadHtmlCacheBehavior [ RunTime:0.000000s ]
INFO: [ app_begin ] --END-- [ RunTime:0.000000s ]
SQL: select * from zone where 1 [ RunTime:0.0000s ]
SQL: select s.subject,i.url1,i.url2,i.id from information as i inner join subject as s on i.course_id=s.id where i.zone_id=15 [ RunTime:0.0010s ]
SQL: select s.subject,i.url1,i.url2,i.id from information as i inner join subject as s on i.course_id=s.id where i.zone_id=16 [ RunTime:0.0000s ]
SQL: select s.subject,i.url1,i.url2,i.id from information as i inner join subject as s on i.course_id=s.id where i.zone_id=18 [ RunTime:0.0010s ]
SQL: select s.subject,i.url1,i.url2,i.id from information as i inner join subject as s on i.course_id=s.id where i.zone_id=19 [ RunTime:0.0000s ]
SQL: SHOW COLUMNS FROM `con_title` [ RunTime:0.0030s ]
SQL: SELECT * FROM `con_title`  [ RunTime:0.0000s ]
INFO: [ view_parse ] --START--
INFO: [ template_filter ] --START--
INFO: Run Behavior\ContentReplaceBehavior [ RunTime:0.000000s ]
INFO: [ template_filter ] --END-- [ RunTime:0.000000s ]
INFO: Run Behavior\ParseTemplateBehavior [ RunTime:0.005001s ]
INFO: [ view_parse ] --END-- [ RunTime:0.005001s ]
INFO: [ view_filter ] --START--
INFO: Run Behavior\WriteHtmlCacheBehavior [ RunTime:0.000000s ]
INFO: [ view_filter ] --END-- [ RunTime:0.001000s ]
INFO: [ app_end ] --START--
INFO: Run Behavior\ShowPageTraceBehavior [ RunTime:0.000000s ]
INFO: [ app_end ] --END-- [ RunTime:0.000000s ]

[ 2017-05-22T11:18:31+08:00 ] 127.0.0.1 /index.php/Home/User/_/Public/Admin/js/index.js
INFO: [ app_init ] --START--
INFO: Run Behavior\BuildLiteBehavior [ RunTime:0.000000s ]
INFO: [ app_init ] --END-- [ RunTime:0.001001s ]
INFO: [ app_begin ] --START--
INFO: Run Behavior\ReadHtmlCacheBehavior [ RunTime:0.000000s ]
INFO: [ app_begin ] --END-- [ RunTime:0.000000s ]
ERR: 非法操作:_

[ 2017-05-22T11:18:31+08:00 ] 127.0.0.1 /index.php/Home/User/_/Public/Admin/js/index.js
INFO: [ app_init ] --START--
INFO: Run Behavior\BuildLiteBehavior [ RunTime:0.000000s ]
INFO: [ app_init ] --END-- [ RunTime:0.001000s ]
INFO: [ app_begin ] --START--
INFO: Run Behavior\ReadHtmlCacheBehavior [ RunTime:0.001000s ]
INFO: [ app_begin ] --END-- [ RunTime:0.001000s ]
ERR: 非法操作:_

[ 2017-05-22T11:19:11+08:00 ] 127.0.0.1 /index.php/Home/User/actionhehehe
INFO: [ app_init ] --START--
INFO: Run Behavior\BuildLiteBehavior [ RunTime:0.000000s ]
INFO: [ app_init ] --END-- [ RunTime:0.001000s ]
INFO: [ app_begin ] --START--
INFO: Run Behavior\ReadHtmlCacheBehavior [ RunTime:0.000000s ]
INFO: [ app_begin ] --END-- [ RunTime:0.000000s ]
SQL: select * from zone where 1 [ RunTime:0.0010s ]
SQL: select s.subject,i.url1,i.url2,i.id from information as i inner join subject as s on i.course_id=s.id where i.zone_id=15 [ RunTime:0.0010s ]
SQL: select s.subject,i.url1,i.url2,i.id from information as i inner join subject as s on i.course_id=s.id where i.zone_id=16 [ RunTime:0.0000s ]
SQL: select s.subject,i.url1,i.url2,i.id from information as i inner join subject as s on i.course_id=s.id where i.zone_id=18 [ RunTime:0.0000s ]
SQL: select s.subject,i.url1,i.url2,i.id from information as i inner join subject as s on i.course_id=s.id where i.zone_id=19 [ RunTime:0.0010s ]
SQL: SHOW COLUMNS FROM `con_title` [ RunTime:0.0020s ]
SQL: SELECT * FROM `con_title`  [ RunTime:0.0010s ]
INFO: [ view_parse ] --START--
INFO: [ template_filter ] --START--
INFO: Run Behavior\ContentReplaceBehavior [ RunTime:0.000000s ]
INFO: [ template_filter ] --END-- [ RunTime:0.001000s ]
INFO: Run Behavior\ParseTemplateBehavior [ RunTime:0.008000s ]
INFO: [ view_parse ] --END-- [ RunTime:0.008000s ]
INFO: [ view_filter ] --START--
INFO: Run Behavior\WriteHtmlCacheBehavior [ RunTime:0.000000s ]
INFO: [ view_filter ] --END-- [ RunTime:0.000000s ]
INFO: [ app_end ] --START--
INFO: Run Behavior\ShowPageTraceBehavior [ RunTime:0.000000s ]
INFO: [ app_end ] --END-- [ RunTime:0.000000s ]

[ 2017-05-22T11:19:11+08:00 ] 127.0.0.1 /index.php/Home/User/_/Public/Admin/js/index.js
INFO: [ app_init ] --START--
INFO: Run Behavior\BuildLiteBehavior [ RunTime:0.000000s ]
INFO: [ app_init ] --END-- [ RunTime:0.000000s ]
INFO: [ app_begin ] --START--
INFO: Run Behavior\ReadHtmlCacheBehavior [ RunTime:0.000000s ]
INFO: [ app_begin ] --END-- [ RunTime:0.000000s ]
ERR: 非法操作:_

[ 2017-05-22T11:19:14+08:00 ] 127.0.0.1 /index.php/Home/User/actionhehehe
INFO: [ app_init ] --START--
INFO: Run Behavior\BuildLiteBehavior [ RunTime:0.001000s ]
INFO: [ app_init ] --END-- [ RunTime:0.001000s ]
INFO: [ app_begin ] --START--
INFO: Run Behavior\ReadHtmlCacheBehavior [ RunTime:0.001000s ]
INFO: [ app_begin ] --END-- [ RunTime:0.001000s ]
SQL: select * from zone where 1 [ RunTime:0.0000s ]
SQL: select s.subject,i.url1,i.url2,i.id from information as i inner join subject as s on i.course_id=s.id where i.zone_id=15 [ RunTime:0.0000s ]
SQL: select s.subject,i.url1,i.url2,i.id from information as i inner join subject as s on i.course_id=s.id where i.zone_id=16 [ RunTime:0.0000s ]
SQL: select s.subject,i.url1,i.url2,i.id from information as i inner join subject as s on i.course_id=s.id where i.zone_id=18 [ RunTime:0.0010s ]
SQL: select s.subject,i.url1,i.url2,i.id from information as i inner join subject as s on i.course_id=s.id where i.zone_id=19 [ RunTime:0.0000s ]
SQL: SHOW COLUMNS FROM `con_title` [ RunTime:0.0030s ]
SQL: SELECT * FROM `con_title`  [ RunTime:0.0000s ]
INFO: [ view_parse ] --START--
INFO: [ template_filter ] --START--
INFO: Run Behavior\ContentReplaceBehavior [ RunTime:0.000000s ]
INFO: [ template_filter ] --END-- [ RunTime:0.000000s ]
INFO: Run Behavior\ParseTemplateBehavior [ RunTime:0.007001s ]
INFO: [ view_parse ] --END-- [ RunTime:0.007001s ]
INFO: [ view_filter ] --START--
INFO: Run Behavior\WriteHtmlCacheBehavior [ RunTime:0.000000s ]
INFO: [ view_filter ] --END-- [ RunTime:0.001000s ]
INFO: [ app_end ] --START--
INFO: Run Behavior\ShowPageTraceBehavior [ RunTime:0.000000s ]
INFO: [ app_end ] --END-- [ RunTime:0.000000s ]

[ 2017-05-22T11:19:14+08:00 ] 127.0.0.1 /index.php/Home/User/_/Public/Admin/js/index.js
INFO: [ app_init ] --START--
INFO: Run Behavior\BuildLiteBehavior [ RunTime:0.000000s ]
INFO: [ app_init ] --END-- [ RunTime:0.000000s ]
INFO: [ app_begin ] --START--
INFO: Run Behavior\ReadHtmlCacheBehavior [ RunTime:0.001000s ]
INFO: [ app_begin ] --END-- [ RunTime:0.001000s ]
ERR: 非法操作:_

[ 2017-05-22T11:19:56+08:00 ] 127.0.0.1 /index.php/Home/User/actionhehehe
INFO: [ app_init ] --START--
INFO: Run Behavior\BuildLiteBehavior [ RunTime:0.000000s ]
INFO: [ app_init ] --END-- [ RunTime:0.000000s ]
INFO: [ app_begin ] --START--
INFO: Run Behavior\ReadHtmlCacheBehavior [ RunTime:0.000000s ]
INFO: [ app_begin ] --END-- [ RunTime:0.000000s ]
SQL: select * from zone where 1 [ RunTime:0.0000s ]
SQL: select s.subject,i.url1,i.url2,i.id from information as i inner join subject as s on i.course_id=s.id where i.zone_id=15 [ RunTime:0.0010s ]
SQL: select s.subject,i.url1,i.url2,i.id from information as i inner join subject as s on i.course_id=s.id where i.zone_id=16 [ RunTime:0.0000s ]
SQL: select s.subject,i.url1,i.url2,i.id from information as i inner join subject as s on i.course_id=s.id where i.zone_id=18 [ RunTime:0.0010s ]
SQL: select s.subject,i.url1,i.url2,i.id from information as i inner join subject as s on i.course_id=s.id where i.zone_id=19 [ RunTime:0.0000s ]
SQL: SHOW COLUMNS FROM `con_title` [ RunTime:0.0030s ]
SQL: SELECT * FROM `con_title`  [ RunTime:0.0000s ]
INFO: [ view_parse ] --START--
INFO: [ template_filter ] --START--
INFO: Run Behavior\ContentReplaceBehavior [ RunTime:0.000000s ]
INFO: [ template_filter ] --END-- [ RunTime:0.000000s ]
INFO: Run Behavior\ParseTemplateBehavior [ RunTime:0.006000s ]
INFO: [ view_parse ] --END-- [ RunTime:0.006000s ]
INFO: [ view_filter ] --START--
INFO: Run Behavior\WriteHtmlCacheBehavior [ RunTime:0.000000s ]
INFO: [ view_filter ] --END-- [ RunTime:0.000000s ]
INFO: [ app_end ] --START--
INFO: Run Behavior\ShowPageTraceBehavior [ RunTime:0.001001s ]
INFO: [ app_end ] --END-- [ RunTime:0.001001s ]

[ 2017-05-22T11:19:56+08:00 ] 127.0.0.1 /index.php/Home/User/_/Public/Admin/js/index.js
INFO: [ app_init ] --START--
INFO: Run Behavior\BuildLiteBehavior [ RunTime:0.000000s ]
INFO: [ app_init ] --END-- [ RunTime:0.000000s ]
INFO: [ app_begin ] --START--
INFO: Run Behavior\ReadHtmlCacheBehavior [ RunTime:0.001000s ]
INFO: [ app_begin ] --END-- [ RunTime:0.001000s ]
ERR: 非法操作:_

[ 2017-05-22T11:19:56+08:00 ] 127.0.0.1 /index.php/Home/User/_/Public/Admin/js/index.js
INFO: [ app_init ] --START--
INFO: Run Behavior\BuildLiteBehavior [ RunTime:0.000000s ]
INFO: [ app_init ] --END-- [ RunTime:0.000000s ]
INFO: [ app_begin ] --START--
INFO: Run Behavior\ReadHtmlCacheBehavior [ RunTime:0.000000s ]
INFO: [ app_begin ] --END-- [ RunTime:0.000000s ]
ERR: 非法操作:_

[ 2017-05-22T11:21:03+08:00 ] 127.0.0.1 /index.php/Home/User/actionhehehe
INFO: [ app_init ] --START--
INFO: Run Behavior\BuildLiteBehavior [ RunTime:0.000000s ]
INFO: [ app_init ] --END-- [ RunTime:0.000000s ]
INFO: [ app_begin ] --START--
INFO: Run Behavior\ReadHtmlCacheBehavior [ RunTime:0.001000s ]
INFO: [ app_begin ] --END-- [ RunTime:0.001000s ]
SQL: select * from zone where 1 [ RunTime:0.0000s ]
SQL: select s.subject,i.url1,i.url2,i.id from information as i inner join subject as s on i.course_id=s.id where i.zone_id=15 [ RunTime:0.0000s ]
SQL: select s.subject,i.url1,i.url2,i.id from information as i inner join subject as s on i.course_id=s.id where i.zone_id=16 [ RunTime:0.0010s ]
SQL: select s.subject,i.url1,i.url2,i.id from information as i inner join subject as s on i.course_id=s.id where i.zone_id=18 [ RunTime:0.0000s ]
SQL: select s.subject,i.url1,i.url2,i.id from information as i inner join subject as s on i.course_id=s.id where i.zone_id=19 [ RunTime:0.0010s ]
SQL: SHOW COLUMNS FROM `con_title` [ RunTime:0.0030s ]
SQL: SELECT * FROM `con_title`  [ RunTime:0.0000s ]
INFO: [ view_parse ] --START--
INFO: [ template_filter ] --START--
INFO: Run Behavior\ContentReplaceBehavior [ RunTime:0.000000s ]
INFO: [ template_filter ] --END-- [ RunTime:0.000000s ]
INFO: Run Behavior\ParseTemplateBehavior [ RunTime:0.008001s ]
INFO: [ view_parse ] --END-- [ RunTime:0.008001s ]
INFO: [ view_filter ] --START--
INFO: Run Behavior\WriteHtmlCacheBehavior [ RunTime:0.000000s ]
INFO: [ view_filter ] --END-- [ RunTime:0.000000s ]
INFO: [ app_end ] --START--
INFO: Run Behavior\ShowPageTraceBehavior [ RunTime:0.001000s ]
INFO: [ app_end ] --END-- [ RunTime:0.001000s ]

[ 2017-05-22T11:21:03+08:00 ] 127.0.0.1 /index.php/Home/User/_/Public/Home/js/index.js
INFO: [ app_init ] --START--
INFO: Run Behavior\BuildLiteBehavior [ RunTime:0.000000s ]
INFO: [ app_init ] --END-- [ RunTime:0.001000s ]
INFO: [ app_begin ] --START--
INFO: Run Behavior\ReadHtmlCacheBehavior [ RunTime:0.000000s ]
INFO: [ app_begin ] --END-- [ RunTime:0.000000s ]
ERR: 非法操作:_

[ 2017-05-22T11:21:03+08:00 ] 127.0.0.1 /index.php/Home/User/_/Public/Home/js/index.js
INFO: [ app_init ] --START--
INFO: Run Behavior\BuildLiteBehavior [ RunTime:0.000000s ]
INFO: [ app_init ] --END-- [ RunTime:0.000000s ]
INFO: [ app_begin ] --START--
INFO: Run Behavior\ReadHtmlCacheBehavior [ RunTime:0.001000s ]
INFO: [ app_begin ] --END-- [ RunTime:0.001000s ]
ERR: 非法操作:_

[ 2017-05-22T11:23:00+08:00 ] 127.0.0.1 /index.php/Home/User/actionhehehe
INFO: [ app_init ] --START--
INFO: Run Behavior\BuildLiteBehavior [ RunTime:0.000000s ]
INFO: [ app_init ] --END-- [ RunTime:0.000000s ]
INFO: [ app_begin ] --START--
INFO: Run Behavior\ReadHtmlCacheBehavior [ RunTime:0.001000s ]
INFO: [ app_begin ] --END-- [ RunTime:0.001000s ]
SQL: select * from zone where 1 [ RunTime:0.0010s ]
SQL: select s.subject,i.url1,i.url2,i.id from information as i inner join subject as s on i.course_id=s.id where i.zone_id=15 [ RunTime:0.0000s ]
SQL: select s.subject,i.url1,i.url2,i.id from information as i inner join subject as s on i.course_id=s.id where i.zone_id=16 [ RunTime:0.0010s ]
SQL: select s.subject,i.url1,i.url2,i.id from information as i inner join subject as s on i.course_id=s.id where i.zone_id=18 [ RunTime:0.0000s ]
SQL: select s.subject,i.url1,i.url2,i.id from information as i inner join subject as s on i.course_id=s.id where i.zone_id=19 [ RunTime:0.0010s ]
SQL: SHOW COLUMNS FROM `con_title` [ RunTime:0.0020s ]
SQL: SELECT * FROM `con_title`  [ RunTime:0.0010s ]
INFO: [ view_parse ] --START--
INFO: [ template_filter ] --START--
INFO: Run Behavior\ContentReplaceBehavior [ RunTime:0.000000s ]
INFO: [ template_filter ] --END-- [ RunTime:0.001000s ]
INFO: Run Behavior\ParseTemplateBehavior [ RunTime:0.007000s ]
INFO: [ view_parse ] --END-- [ RunTime:0.007000s ]
INFO: [ view_filter ] --START--
INFO: Run Behavior\WriteHtmlCacheBehavior [ RunTime:0.000000s ]
INFO: [ view_filter ] --END-- [ RunTime:0.000000s ]
INFO: [ app_end ] --START--
INFO: Run Behavior\ShowPageTraceBehavior [ RunTime:0.001000s ]
INFO: [ app_end ] --END-- [ RunTime:0.001000s ]

[ 2017-05-22T11:23:00+08:00 ] 127.0.0.1 /index.php/Home/User/_/Public/Home/js/index.js
INFO: [ app_init ] --START--
INFO: Run Behavior\BuildLiteBehavior [ RunTime:0.000000s ]
INFO: [ app_init ] --END-- [ RunTime:0.001000s ]
INFO: [ app_begin ] --START--
INFO: Run Behavior\ReadHtmlCacheBehavior [ RunTime:0.001000s ]
INFO: [ app_begin ] --END-- [ RunTime:0.001000s ]
ERR: 非法操作:_

[ 2017-05-22T11:37:52+08:00 ] 127.0.0.1 /index.php/Home/User/actionhehehe
INFO: [ app_init ] --START--
INFO: Run Behavior\BuildLiteBehavior [ RunTime:0.000000s ]
INFO: [ app_init ] --END-- [ RunTime:0.000000s ]
INFO: [ app_begin ] --START--
INFO: Run Behavior\ReadHtmlCacheBehavior [ RunTime:0.000000s ]
INFO: [ app_begin ] --END-- [ RunTime:0.000000s ]
SQL: select * from zone where 1 [ RunTime:0.0010s ]
SQL: select s.subject,i.url1,i.url2,i.id from information as i inner join subject as s on i.course_id=s.id where i.zone_id=15 [ RunTime:0.0000s ]
SQL: select s.subject,i.url1,i.url2,i.id from information as i inner join subject as s on i.course_id=s.id where i.zone_id=16 [ RunTime:0.0010s ]
SQL: select s.subject,i.url1,i.url2,i.id from information as i inner join subject as s on i.course_id=s.id where i.zone_id=18 [ RunTime:0.0000s ]
SQL: select s.subject,i.url1,i.url2,i.id from information as i inner join subject as s on i.course_id=s.id where i.zone_id=19 [ RunTime:0.0000s ]
SQL: SHOW COLUMNS FROM `con_title` [ RunTime:0.0020s ]
SQL: SELECT * FROM `con_title`  [ RunTime:0.0010s ]
INFO: [ view_parse ] --START--
INFO: [ template_filter ] --START--
INFO: Run Behavior\ContentReplaceBehavior [ RunTime:0.000000s ]
INFO: [ template_filter ] --END-- [ RunTime:0.000000s ]
INFO: Run Behavior\ParseTemplateBehavior [ RunTime:0.007001s ]
INFO: [ view_parse ] --END-- [ RunTime:0.007001s ]
INFO: [ view_filter ] --START--
INFO: Run Behavior\WriteHtmlCacheBehavior [ RunTime:0.001000s ]
INFO: [ view_filter ] --END-- [ RunTime:0.001000s ]
INFO: [ app_end ] --START--
INFO: Run Behavior\ShowPageTraceBehavior [ RunTime:0.001000s ]
INFO: [ app_end ] --END-- [ RunTime:0.001000s ]

[ 2017-05-22T11:37:52+08:00 ] 127.0.0.1 /index.php/Home/User/_/Public/Home/js/index.js
INFO: [ app_init ] --START--
INFO: Run Behavior\BuildLiteBehavior [ RunTime:0.000000s ]
INFO: [ app_init ] --END-- [ RunTime:0.001000s ]
INFO: [ app_begin ] --START--
INFO: Run Behavior\ReadHtmlCacheBehavior [ RunTime:0.000000s ]
INFO: [ app_begin ] --END-- [ RunTime:0.000000s ]
ERR: 非法操作:_

[ 2017-05-22T13:27:06+08:00 ] 127.0.0.1 /index.php/Home/User/_/Public/Home/js/index.js
INFO: [ app_init ] --START--
INFO: Run Behavior\BuildLiteBehavior [ RunTime:0.000000s ]
INFO: [ app_init ] --END-- [ RunTime:0.000000s ]
INFO: [ app_begin ] --START--
INFO: Run Behavior\ReadHtmlCacheBehavior [ RunTime:0.001000s ]
INFO: [ app_begin ] --END-- [ RunTime:0.001000s ]
ERR: 非法操作:_

[ 2017-05-22T13:27:06+08:00 ] 127.0.0.1 /index.php/Home/User/_/Public/Home/js/index.js
INFO: [ app_init ] --START--
INFO: Run Behavior\BuildLiteBehavior [ RunTime:0.000000s ]
INFO: [ app_init ] --END-- [ RunTime:0.000000s ]
INFO: [ app_begin ] --START--
INFO: Run Behavior\ReadHtmlCacheBehavior [ RunTime:0.000000s ]
INFO: [ app_begin ] --END-- [ RunTime:0.000000s ]
ERR: 非法操作:_

[ 2017-05-22T13:28:58+08:00 ] 127.0.0.1 /index.php/Home/User/actionhehehe
INFO: [ app_init ] --START--
INFO: Run Behavior\BuildLiteBehavior [ RunTime:0.000000s ]
INFO: [ app_init ] --END-- [ RunTime:0.000000s ]
INFO: [ app_begin ] --START--
INFO: Run Behavior\ReadHtmlCacheBehavior [ RunTime:0.001000s ]
INFO: [ app_begin ] --END-- [ RunTime:0.001000s ]
SQL: select * from zone where 1 [ RunTime:0.0000s ]
SQL: select s.subject,i.url1,i.url2,i.id from information as i inner join subject as s on i.course_id=s.id where i.zone_id=15 [ RunTime:0.0000s ]
SQL: select s.subject,i.url1,i.url2,i.id from information as i inner join subject as s on i.course_id=s.id where i.zone_id=16 [ RunTime:0.0000s ]
SQL: select s.subject,i.url1,i.url2,i.id from information as i inner join subject as s on i.course_id=s.id where i.zone_id=18 [ RunTime:0.0000s ]
SQL: select s.subject,i.url1,i.url2,i.id from information as i inner join subject as s on i.course_id=s.id where i.zone_id=19 [ RunTime:0.0000s ]
SQL: SHOW COLUMNS FROM `con_title` [ RunTime:0.0030s ]
SQL: SELECT * FROM `con_title`  [ RunTime:0.0000s ]
INFO: [ view_parse ] --START--
INFO: [ template_filter ] --START--
INFO: Run Behavior\ContentReplaceBehavior [ RunTime:0.000000s ]
INFO: [ template_filter ] --END-- [ RunTime:0.000000s ]
INFO: Run Behavior\ParseTemplateBehavior [ RunTime:0.007001s ]
INFO: [ view_parse ] --END-- [ RunTime:0.007001s ]
INFO: [ view_filter ] --START--
INFO: Run Behavior\WriteHtmlCacheBehavior [ RunTime:0.000000s ]
INFO: [ view_filter ] --END-- [ RunTime:0.000000s ]
INFO: [ app_end ] --START--
INFO: Run Behavior\ShowPageTraceBehavior [ RunTime:0.000000s ]
INFO: [ app_end ] --END-- [ RunTime:0.000000s ]

[ 2017-05-22T13:28:58+08:00 ] 127.0.0.1 /index.php/Home/User/_/Public/Home/js/index.js
INFO: [ app_init ] --START--
INFO: Run Behavior\BuildLiteBehavior [ RunTime:0.000000s ]
INFO: [ app_init ] --END-- [ RunTime:0.000000s ]
INFO: [ app_begin ] --START--
INFO: Run Behavior\ReadHtmlCacheBehavior [ RunTime:0.001000s ]
INFO: [ app_begin ] --END-- [ RunTime:0.001000s ]
ERR: 非法操作:_

