[ 2016-10-23T10:38:15+08:00 ] ::1 /renshi/Admin/User/add
INFO: [ app_init ] --START--
INFO: Run Behavior\BuildLiteBehavior [ RunTime:0.000000s ]
INFO: [ app_init ] --END-- [ RunTime:0.001000s ]
INFO: [ app_begin ] --START--
INFO: Run Behavior\ReadHtmlCacheBehavior [ RunTime:0.002000s ]
INFO: [ app_begin ] --END-- [ RunTime:0.002000s ]

[ 2016-10-23T10:38:15+08:00 ] ::1 /renshi/index.php/Admin/Login/login.html
INFO: [ app_init ] --START--
INFO: Run Behavior\BuildLiteBehavior [ RunTime:0.000000s ]
INFO: [ app_init ] --END-- [ RunTime:0.001000s ]
INFO: [ app_begin ] --START--
INFO: Run Behavior\ReadHtmlCacheBehavior [ RunTime:0.002000s ]
INFO: [ app_begin ] --END-- [ RunTime:0.002000s ]
NOTIC: [8] Undefined variable: result E:\xamppp\htdocs\renshi\Application\Admin\Controller\LoginController.class.php 第 29 行.
INFO: [ view_parse ] --START--
INFO: [ template_filter ] --START--
INFO: Run Behavior\ContentReplaceBehavior [ RunTime:0.000000s ]
INFO: [ template_filter ] --END-- [ RunTime:0.000000s ]
INFO: Run Behavior\ParseTemplateBehavior [ RunTime:0.082005s ]
INFO: [ view_parse ] --END-- [ RunTime:0.082005s ]
INFO: [ view_filter ] --START--
INFO: Run Behavior\WriteHtmlCacheBehavior [ RunTime:0.002000s ]
INFO: [ view_filter ] --END-- [ RunTime:0.003000s ]
INFO: [ view_parse ] --START--
INFO: [ template_filter ] --START--
INFO: Run Behavior\ContentReplaceBehavior [ RunTime:0.000000s ]
INFO: [ template_filter ] --END-- [ RunTime:-0.045002s ]
INFO: Run Behavior\ParseTemplateBehavior [ RunTime:0.006000s ]
INFO: [ view_parse ] --END-- [ RunTime:-0.003000s ]
INFO: [ view_filter ] --START--
INFO: Run Behavior\WriteHtmlCacheBehavior [ RunTime:0.000000s ]
INFO: [ view_filter ] --END-- [ RunTime:-0.006000s ]
INFO: [ app_end ] --START--
INFO: Run Behavior\ShowPageTraceBehavior [ RunTime:0.002001s ]
INFO: [ app_end ] --END-- [ RunTime:0.003001s ]

[ 2016-10-23T10:38:16+08:00 ] ::1 /renshi/index.php/Admin/Login/img/favicon.png
INFO: [ app_init ] --START--
INFO: Run Behavior\BuildLiteBehavior [ RunTime:0.000000s ]
INFO: [ app_init ] --END-- [ RunTime:0.001001s ]

[ 2016-10-23T10:38:22+08:00 ] ::1 /renshi/index.php/Admin/Login/login.html
INFO: [ app_init ] --START--
INFO: Run Behavior\BuildLiteBehavior [ RunTime:0.000000s ]
INFO: [ app_init ] --END-- [ RunTime:0.001000s ]
INFO: [ app_begin ] --START--
INFO: Run Behavior\ReadHtmlCacheBehavior [ RunTime:0.001000s ]
INFO: [ app_begin ] --END-- [ RunTime:0.001000s ]
SQL: SHOW COLUMNS FROM `renshi_admin` [ RunTime:0.0370s ]
SQL: SELECT * FROM `renshi_admin` WHERE `aUser` = 'admin' AND `aPassword` = 'd793fc565b6b6d1916020c1507134a03' LIMIT 1   [ RunTime:0.0010s ]

[ 2016-10-23T10:38:23+08:00 ] ::1 /renshi/index.php/Admin/Index/index.html
INFO: [ app_init ] --START--
INFO: Run Behavior\BuildLiteBehavior [ RunTime:0.000000s ]
INFO: [ app_init ] --END-- [ RunTime:0.001000s ]
INFO: [ app_begin ] --START--
INFO: Run Behavior\ReadHtmlCacheBehavior [ RunTime:0.002000s ]
INFO: [ app_begin ] --END-- [ RunTime:0.002000s ]
INFO: [ view_parse ] --START--
INFO: [ template_filter ] --START--
INFO: Run Behavior\ContentReplaceBehavior [ RunTime:0.000000s ]
INFO: [ template_filter ] --END-- [ RunTime:0.000000s ]
INFO: Run Behavior\ParseTemplateBehavior [ RunTime:0.044002s ]
INFO: [ view_parse ] --END-- [ RunTime:0.044002s ]
INFO: [ view_filter ] --START--
INFO: Run Behavior\WriteHtmlCacheBehavior [ RunTime:0.002000s ]
INFO: [ view_filter ] --END-- [ RunTime:0.002000s ]
INFO: [ app_end ] --START--
INFO: Run Behavior\ShowPageTraceBehavior [ RunTime:0.003000s ]
INFO: [ app_end ] --END-- [ RunTime:0.003000s ]

[ 2016-10-23T10:38:28+08:00 ] ::1 /renshi/index.php/Admin/User/lists.html
INFO: [ app_init ] --START--
INFO: Run Behavior\BuildLiteBehavior [ RunTime:0.000000s ]
INFO: [ app_init ] --END-- [ RunTime:0.001000s ]
INFO: [ app_begin ] --START--
INFO: Run Behavior\ReadHtmlCacheBehavior [ RunTime:0.002000s ]
INFO: [ app_begin ] --END-- [ RunTime:0.002000s ]
SQL: SHOW COLUMNS FROM `renshi_staffff` [ RunTime:0.1540s ]
SQL: SELECT COUNT(*) AS tp_count FROM `renshi_staffff` WHERE `stCampus` LIKE '%%' AND `stSection` LIKE '%%' AND `stDepartments` LIKE '%%' AND `stPost` LIKE '%%' AND `stSex` LIKE '%%' AND `stPersonnelStatus` = 0 LIMIT 1   [ RunTime:0.0010s ]
SQL: SELECT * FROM `renshi_staffff` WHERE `stCampus` LIKE '%%' AND `stSection` LIKE '%%' AND `stDepartments` LIKE '%%' AND `stPost` LIKE '%%' AND `stSex` LIKE '%%' AND `stPersonnelStatus` = 0 ORDER BY stId desc LIMIT 0,21   [ RunTime:0.0020s ]
INFO: [ view_parse ] --START--
INFO: [ template_filter ] --START--
INFO: Run Behavior\ContentReplaceBehavior [ RunTime:0.000000s ]
INFO: [ template_filter ] --END-- [ RunTime:0.000000s ]
INFO: Run Behavior\ParseTemplateBehavior [ RunTime:0.118007s ]
INFO: [ view_parse ] --END-- [ RunTime:0.118007s ]
INFO: [ view_filter ] --START--
INFO: Run Behavior\WriteHtmlCacheBehavior [ RunTime:0.003000s ]
INFO: [ view_filter ] --END-- [ RunTime:0.003000s ]
INFO: [ app_end ] --START--
INFO: Run Behavior\ShowPageTraceBehavior [ RunTime:0.006000s ]
INFO: [ app_end ] --END-- [ RunTime:0.006000s ]

[ 2016-10-23T10:38:41+08:00 ] ::1 /renshi/index.php/Admin/User/lists?stName=%E6%B1%9F%E6%B5%B7%E5%B9%BF
INFO: [ app_init ] --START--
INFO: Run Behavior\BuildLiteBehavior [ RunTime:0.000000s ]
INFO: [ app_init ] --END-- [ RunTime:0.000000s ]
INFO: [ app_begin ] --START--
INFO: Run Behavior\ReadHtmlCacheBehavior [ RunTime:0.001000s ]
INFO: [ app_begin ] --END-- [ RunTime:0.001000s ]
SQL: SHOW COLUMNS FROM `renshi_staffff` [ RunTime:0.0070s ]
SQL: SELECT COUNT(*) AS tp_count FROM `renshi_staffff` WHERE `stName` LIKE '%江海广%' AND `stCampus` LIKE '%%' AND `stSection` LIKE '%%' AND `stDepartments` LIKE '%%' AND `stPost` LIKE '%%' AND `stSex` LIKE '%%' AND `stPersonnelStatus` = 0 LIMIT 1   [ RunTime:0.0010s ]
SQL: SELECT * FROM `renshi_staffff` WHERE `stName` LIKE '%江海广%' AND `stCampus` LIKE '%%' AND `stSection` LIKE '%%' AND `stDepartments` LIKE '%%' AND `stPost` LIKE '%%' AND `stSex` LIKE '%%' AND `stPersonnelStatus` = 0 ORDER BY stId desc LIMIT 0,21   [ RunTime:0.0010s ]
INFO: [ view_parse ] --START--
INFO: [ template_filter ] --START--
INFO: Run Behavior\ContentReplaceBehavior [ RunTime:0.001000s ]
INFO: [ template_filter ] --END-- [ RunTime:0.001000s ]
INFO: Run Behavior\ParseTemplateBehavior [ RunTime:0.024001s ]
INFO: [ view_parse ] --END-- [ RunTime:0.024001s ]
INFO: [ view_filter ] --START--
INFO: Run Behavior\WriteHtmlCacheBehavior [ RunTime:0.000000s ]
INFO: [ view_filter ] --END-- [ RunTime:0.000000s ]
INFO: [ app_end ] --START--
INFO: Run Behavior\ShowPageTraceBehavior [ RunTime:0.001000s ]
INFO: [ app_end ] --END-- [ RunTime:0.001000s ]

[ 2016-10-23T10:38:46+08:00 ] ::1 /renshi/index.php/Admin/User/lists?stName=+%E6%B1%9F%E6%B5%B7%E5%B9%BF
INFO: [ app_init ] --START--
INFO: Run Behavior\BuildLiteBehavior [ RunTime:0.000000s ]
INFO: [ app_init ] --END-- [ RunTime:0.001000s ]
INFO: [ app_begin ] --START--
INFO: Run Behavior\ReadHtmlCacheBehavior [ RunTime:0.001000s ]
INFO: [ app_begin ] --END-- [ RunTime:0.001000s ]
SQL: SHOW COLUMNS FROM `renshi_staffff` [ RunTime:0.0060s ]
SQL: SELECT COUNT(*) AS tp_count FROM `renshi_staffff` WHERE `stName` LIKE '% 江海广%' AND `stCampus` LIKE '%%' AND `stSection` LIKE '%%' AND `stDepartments` LIKE '%%' AND `stPost` LIKE '%%' AND `stSex` LIKE '%%' AND `stPersonnelStatus` = 0 LIMIT 1   [ RunTime:0.0010s ]
SQL: SELECT * FROM `renshi_staffff` WHERE `stName` LIKE '% 江海广%' AND `stCampus` LIKE '%%' AND `stSection` LIKE '%%' AND `stDepartments` LIKE '%%' AND `stPost` LIKE '%%' AND `stSex` LIKE '%%' AND `stPersonnelStatus` = 0 ORDER BY stId desc LIMIT 0,21   [ RunTime:0.0010s ]
INFO: [ view_parse ] --START--
INFO: [ template_filter ] --START--
INFO: Run Behavior\ContentReplaceBehavior [ RunTime:0.001000s ]
INFO: [ template_filter ] --END-- [ RunTime:0.001000s ]
INFO: Run Behavior\ParseTemplateBehavior [ RunTime:0.022001s ]
INFO: [ view_parse ] --END-- [ RunTime:0.022001s ]
INFO: [ view_filter ] --START--
INFO: Run Behavior\WriteHtmlCacheBehavior [ RunTime:0.001000s ]
INFO: [ view_filter ] --END-- [ RunTime:0.001000s ]
INFO: [ app_end ] --START--
INFO: Run Behavior\ShowPageTraceBehavior [ RunTime:0.001000s ]
INFO: [ app_end ] --END-- [ RunTime:0.001000s ]

[ 2016-10-23T10:38:51+08:00 ] ::1 /renshi/index.php/Admin/User/lists?stName=++++%E6%B1%9F%E6%B5%B7%E5%B9%BF
INFO: [ app_init ] --START--
INFO: Run Behavior\BuildLiteBehavior [ RunTime:0.000000s ]
INFO: [ app_init ] --END-- [ RunTime:0.001000s ]
INFO: [ app_begin ] --START--
INFO: Run Behavior\ReadHtmlCacheBehavior [ RunTime:0.001000s ]
INFO: [ app_begin ] --END-- [ RunTime:0.001000s ]
SQL: SHOW COLUMNS FROM `renshi_staffff` [ RunTime:0.0060s ]
SQL: SELECT COUNT(*) AS tp_count FROM `renshi_staffff` WHERE `stName` LIKE '%    江海广%' AND `stCampus` LIKE '%%' AND `stSection` LIKE '%%' AND `stDepartments` LIKE '%%' AND `stPost` LIKE '%%' AND `stSex` LIKE '%%' AND `stPersonnelStatus` = 0 LIMIT 1   [ RunTime:0.0010s ]
SQL: SELECT * FROM `renshi_staffff` WHERE `stName` LIKE '%    江海广%' AND `stCampus` LIKE '%%' AND `stSection` LIKE '%%' AND `stDepartments` LIKE '%%' AND `stPost` LIKE '%%' AND `stSex` LIKE '%%' AND `stPersonnelStatus` = 0 ORDER BY stId desc LIMIT 0,21   [ RunTime:0.0030s ]
INFO: [ view_parse ] --START--
INFO: [ template_filter ] --START--
INFO: Run Behavior\ContentReplaceBehavior [ RunTime:0.000000s ]
INFO: [ template_filter ] --END-- [ RunTime:0.000000s ]
INFO: Run Behavior\ParseTemplateBehavior [ RunTime:0.022001s ]
INFO: [ view_parse ] --END-- [ RunTime:0.022001s ]
INFO: [ view_filter ] --START--
INFO: Run Behavior\WriteHtmlCacheBehavior [ RunTime:0.001000s ]
INFO: [ view_filter ] --END-- [ RunTime:0.001000s ]
INFO: [ app_end ] --START--
INFO: Run Behavior\ShowPageTraceBehavior [ RunTime:0.003000s ]
INFO: [ app_end ] --END-- [ RunTime:0.003000s ]

[ 2016-10-23T10:41:26+08:00 ] ::1 /renshi/index.php/Admin/User/lists.html
INFO: [ app_init ] --START--
INFO: Run Behavior\BuildLiteBehavior [ RunTime:0.000000s ]
INFO: [ app_init ] --END-- [ RunTime:0.001000s ]
INFO: [ app_begin ] --START--
INFO: Run Behavior\ReadHtmlCacheBehavior [ RunTime:0.001000s ]
INFO: [ app_begin ] --END-- [ RunTime:0.001000s ]
SQL: SHOW COLUMNS FROM `renshi_staffff` [ RunTime:0.0070s ]
SQL: SELECT COUNT(*) AS tp_count FROM `renshi_staffff` WHERE `stCampus` LIKE '%%' AND `stSection` LIKE '%%' AND `stDepartments` LIKE '%%' AND `stPost` LIKE '%%' AND `stSex` LIKE '%%' AND `stPersonnelStatus` = 0 LIMIT 1   [ RunTime:0.0010s ]
SQL: SELECT * FROM `renshi_staffff` WHERE `stCampus` LIKE '%%' AND `stSection` LIKE '%%' AND `stDepartments` LIKE '%%' AND `stPost` LIKE '%%' AND `stSex` LIKE '%%' AND `stPersonnelStatus` = 0 ORDER BY stId desc LIMIT 0,21   [ RunTime:0.0010s ]
INFO: [ view_parse ] --START--
INFO: [ template_filter ] --START--
INFO: Run Behavior\ContentReplaceBehavior [ RunTime:0.000000s ]
INFO: [ template_filter ] --END-- [ RunTime:0.000000s ]
INFO: Run Behavior\ParseTemplateBehavior [ RunTime:0.023002s ]
INFO: [ view_parse ] --END-- [ RunTime:0.023002s ]
INFO: [ view_filter ] --START--
INFO: Run Behavior\WriteHtmlCacheBehavior [ RunTime:0.001000s ]
INFO: [ view_filter ] --END-- [ RunTime:0.001000s ]
INFO: [ app_end ] --START--
INFO: Run Behavior\ShowPageTraceBehavior [ RunTime:0.001000s ]
INFO: [ app_end ] --END-- [ RunTime:0.001000s ]

[ 2016-10-23T10:41:33+08:00 ] ::1 /renshi/index.php/Admin/User/lists?stName=++%E6%B1%9F
INFO: [ app_init ] --START--
INFO: Run Behavior\BuildLiteBehavior [ RunTime:0.000000s ]
INFO: [ app_init ] --END-- [ RunTime:0.001000s ]
INFO: [ app_begin ] --START--
INFO: Run Behavior\ReadHtmlCacheBehavior [ RunTime:0.001000s ]
INFO: [ app_begin ] --END-- [ RunTime:0.002000s ]
SQL: SHOW COLUMNS FROM `renshi_staffff` [ RunTime:0.0060s ]
SQL: SELECT COUNT(*) AS tp_count FROM `renshi_staffff` WHERE `stName` LIKE '%.trim(  江).%' AND `stCampus` LIKE '%%' AND `stSection` LIKE '%%' AND `stDepartments` LIKE '%%' AND `stPost` LIKE '%%' AND `stSex` LIKE '%%' AND `stPersonnelStatus` = 0 LIMIT 1   [ RunTime:0.0010s ]
SQL: SELECT * FROM `renshi_staffff` WHERE `stName` LIKE '%.trim(  江).%' AND `stCampus` LIKE '%%' AND `stSection` LIKE '%%' AND `stDepartments` LIKE '%%' AND `stPost` LIKE '%%' AND `stSex` LIKE '%%' AND `stPersonnelStatus` = 0 ORDER BY stId desc LIMIT 0,21   [ RunTime:0.0020s ]
INFO: [ view_parse ] --START--
INFO: [ template_filter ] --START--
INFO: Run Behavior\ContentReplaceBehavior [ RunTime:0.000000s ]
INFO: [ template_filter ] --END-- [ RunTime:0.000000s ]
INFO: Run Behavior\ParseTemplateBehavior [ RunTime:0.023002s ]
INFO: [ view_parse ] --END-- [ RunTime:0.024002s ]
INFO: [ view_filter ] --START--
INFO: Run Behavior\WriteHtmlCacheBehavior [ RunTime:0.001000s ]
INFO: [ view_filter ] --END-- [ RunTime:0.001000s ]
INFO: [ app_end ] --START--
INFO: Run Behavior\ShowPageTraceBehavior [ RunTime:0.002000s ]
INFO: [ app_end ] --END-- [ RunTime:0.002000s ]

[ 2016-10-23T10:41:40+08:00 ] ::1 /renshi/index.php/Admin/User/lists?stName=+++%E6%B1%9F
INFO: [ app_init ] --START--
INFO: Run Behavior\BuildLiteBehavior [ RunTime:0.000000s ]
INFO: [ app_init ] --END-- [ RunTime:0.001000s ]
INFO: [ app_begin ] --START--
INFO: Run Behavior\ReadHtmlCacheBehavior [ RunTime:0.001000s ]
INFO: [ app_begin ] --END-- [ RunTime:0.001000s ]
SQL: SHOW COLUMNS FROM `renshi_staffff` [ RunTime:0.0070s ]
SQL: SELECT COUNT(*) AS tp_count FROM `renshi_staffff` WHERE `stName` LIKE '%.trim(   江).%' AND `stCampus` LIKE '%%' AND `stSection` LIKE '%%' AND `stDepartments` LIKE '%%' AND `stPost` LIKE '%%' AND `stSex` LIKE '%%' AND `stPersonnelStatus` = 0 LIMIT 1   [ RunTime:0.0020s ]
SQL: SELECT * FROM `renshi_staffff` WHERE `stName` LIKE '%.trim(   江).%' AND `stCampus` LIKE '%%' AND `stSection` LIKE '%%' AND `stDepartments` LIKE '%%' AND `stPost` LIKE '%%' AND `stSex` LIKE '%%' AND `stPersonnelStatus` = 0 ORDER BY stId desc LIMIT 0,21   [ RunTime:0.0010s ]
INFO: [ view_parse ] --START--
INFO: [ template_filter ] --START--
INFO: Run Behavior\ContentReplaceBehavior [ RunTime:0.000000s ]
INFO: [ template_filter ] --END-- [ RunTime:0.001000s ]
INFO: Run Behavior\ParseTemplateBehavior [ RunTime:0.022001s ]
INFO: [ view_parse ] --END-- [ RunTime:0.022001s ]
INFO: [ view_filter ] --START--
INFO: Run Behavior\WriteHtmlCacheBehavior [ RunTime:0.001000s ]
INFO: [ view_filter ] --END-- [ RunTime:0.001000s ]
INFO: [ app_end ] --START--
INFO: Run Behavior\ShowPageTraceBehavior [ RunTime:0.002000s ]
INFO: [ app_end ] --END-- [ RunTime:0.002000s ]

[ 2016-10-23T10:41:45+08:00 ] ::1 /renshi/index.php/Admin/User/lists?stName=+++%E6%B1%9F
INFO: [ app_init ] --START--
INFO: Run Behavior\BuildLiteBehavior [ RunTime:0.000000s ]
INFO: [ app_init ] --END-- [ RunTime:0.000000s ]
INFO: [ app_begin ] --START--
INFO: Run Behavior\ReadHtmlCacheBehavior [ RunTime:0.001000s ]
INFO: [ app_begin ] --END-- [ RunTime:0.001000s ]
SQL: SHOW COLUMNS FROM `renshi_staffff` [ RunTime:0.0080s ]
SQL: SELECT COUNT(*) AS tp_count FROM `renshi_staffff` WHERE `stName` LIKE '%.trim(   江).%' AND `stCampus` LIKE '%%' AND `stSection` LIKE '%%' AND `stDepartments` LIKE '%%' AND `stPost` LIKE '%%' AND `stSex` LIKE '%%' AND `stPersonnelStatus` = 0 LIMIT 1   [ RunTime:0.0010s ]
SQL: SELECT * FROM `renshi_staffff` WHERE `stName` LIKE '%.trim(   江).%' AND `stCampus` LIKE '%%' AND `stSection` LIKE '%%' AND `stDepartments` LIKE '%%' AND `stPost` LIKE '%%' AND `stSex` LIKE '%%' AND `stPersonnelStatus` = 0 ORDER BY stId desc LIMIT 0,21   [ RunTime:0.0020s ]
INFO: [ view_parse ] --START--
INFO: [ template_filter ] --START--
INFO: Run Behavior\ContentReplaceBehavior [ RunTime:0.000000s ]
INFO: [ template_filter ] --END-- [ RunTime:0.000000s ]
INFO: Run Behavior\ParseTemplateBehavior [ RunTime:0.023002s ]
INFO: [ view_parse ] --END-- [ RunTime:0.023002s ]
INFO: [ view_filter ] --START--
INFO: Run Behavior\WriteHtmlCacheBehavior [ RunTime:0.001000s ]
INFO: [ view_filter ] --END-- [ RunTime:0.001000s ]
INFO: [ app_end ] --START--
INFO: Run Behavior\ShowPageTraceBehavior [ RunTime:0.001000s ]
INFO: [ app_end ] --END-- [ RunTime:0.001000s ]

[ 2016-10-23T10:41:52+08:00 ] ::1 /renshi/index.php/Admin/User/lists?stName=+%E6%B1%9F
INFO: [ app_init ] --START--
INFO: Run Behavior\BuildLiteBehavior [ RunTime:0.000000s ]
INFO: [ app_init ] --END-- [ RunTime:0.001000s ]
INFO: [ app_begin ] --START--
INFO: Run Behavior\ReadHtmlCacheBehavior [ RunTime:0.001000s ]
INFO: [ app_begin ] --END-- [ RunTime:0.001000s ]
SQL: SHOW COLUMNS FROM `renshi_staffff` [ RunTime:0.0070s ]
SQL: SELECT COUNT(*) AS tp_count FROM `renshi_staffff` WHERE `stName` LIKE '%.trim( 江).%' AND `stCampus` LIKE '%%' AND `stSection` LIKE '%%' AND `stDepartments` LIKE '%%' AND `stPost` LIKE '%%' AND `stSex` LIKE '%%' AND `stPersonnelStatus` = 0 LIMIT 1   [ RunTime:0.0010s ]
SQL: SELECT * FROM `renshi_staffff` WHERE `stName` LIKE '%.trim( 江).%' AND `stCampus` LIKE '%%' AND `stSection` LIKE '%%' AND `stDepartments` LIKE '%%' AND `stPost` LIKE '%%' AND `stSex` LIKE '%%' AND `stPersonnelStatus` = 0 ORDER BY stId desc LIMIT 0,21   [ RunTime:0.0020s ]
INFO: [ view_parse ] --START--
INFO: [ template_filter ] --START--
INFO: Run Behavior\ContentReplaceBehavior [ RunTime:0.001000s ]
INFO: [ template_filter ] --END-- [ RunTime:0.001000s ]
INFO: Run Behavior\ParseTemplateBehavior [ RunTime:0.023002s ]
INFO: [ view_parse ] --END-- [ RunTime:0.023002s ]
INFO: [ view_filter ] --START--
INFO: Run Behavior\WriteHtmlCacheBehavior [ RunTime:0.001000s ]
INFO: [ view_filter ] --END-- [ RunTime:0.001000s ]
INFO: [ app_end ] --START--
INFO: Run Behavior\ShowPageTraceBehavior [ RunTime:0.002000s ]
INFO: [ app_end ] --END-- [ RunTime:0.002000s ]

[ 2016-10-23T10:42:27+08:00 ] ::1 /renshi/index.php/Admin/User/lists.html
INFO: [ app_init ] --START--
INFO: Run Behavior\BuildLiteBehavior [ RunTime:0.000000s ]
INFO: [ app_init ] --END-- [ RunTime:0.001000s ]
INFO: [ app_begin ] --START--
INFO: Run Behavior\ReadHtmlCacheBehavior [ RunTime:0.001000s ]
INFO: [ app_begin ] --END-- [ RunTime:0.001000s ]
SQL: SHOW COLUMNS FROM `renshi_staffff` [ RunTime:0.0070s ]
SQL: SELECT COUNT(*) AS tp_count FROM `renshi_staffff` WHERE `stCampus` LIKE '%%' AND `stSection` LIKE '%%' AND `stDepartments` LIKE '%%' AND `stPost` LIKE '%%' AND `stSex` LIKE '%%' AND `stPersonnelStatus` = 0 LIMIT 1   [ RunTime:0.0010s ]
SQL: SELECT * FROM `renshi_staffff` WHERE `stCampus` LIKE '%%' AND `stSection` LIKE '%%' AND `stDepartments` LIKE '%%' AND `stPost` LIKE '%%' AND `stSex` LIKE '%%' AND `stPersonnelStatus` = 0 ORDER BY stId desc LIMIT 0,21   [ RunTime:0.0010s ]
INFO: [ view_parse ] --START--
INFO: [ template_filter ] --START--
INFO: Run Behavior\ContentReplaceBehavior [ RunTime:0.001000s ]
INFO: [ template_filter ] --END-- [ RunTime:0.001000s ]
INFO: Run Behavior\ParseTemplateBehavior [ RunTime:0.026002s ]
INFO: [ view_parse ] --END-- [ RunTime:0.026002s ]
INFO: [ view_filter ] --START--
INFO: Run Behavior\WriteHtmlCacheBehavior [ RunTime:0.001000s ]
INFO: [ view_filter ] --END-- [ RunTime:0.001000s ]
INFO: [ app_end ] --START--
INFO: Run Behavior\ShowPageTraceBehavior [ RunTime:0.001000s ]
INFO: [ app_end ] --END-- [ RunTime:0.001000s ]

[ 2016-10-23T10:42:32+08:00 ] ::1 /renshi/index.php/Admin/User/lists?stName=%E6%B1%9F
INFO: [ app_init ] --START--
INFO: Run Behavior\BuildLiteBehavior [ RunTime:0.000000s ]
INFO: [ app_init ] --END-- [ RunTime:0.001001s ]
INFO: [ app_begin ] --START--
INFO: Run Behavior\ReadHtmlCacheBehavior [ RunTime:0.002000s ]
INFO: [ app_begin ] --END-- [ RunTime:0.002000s ]
SQL: SHOW COLUMNS FROM `renshi_staffff` [ RunTime:0.0070s ]
SQL: SELECT COUNT(*) AS tp_count FROM `renshi_staffff` WHERE `stName` LIKE '%江%' AND `stCampus` LIKE '%%' AND `stSection` LIKE '%%' AND `stDepartments` LIKE '%%' AND `stPost` LIKE '%%' AND `stSex` LIKE '%%' AND `stPersonnelStatus` = 0 LIMIT 1   [ RunTime:0.0010s ]
SQL: SELECT * FROM `renshi_staffff` WHERE `stName` LIKE '%江%' AND `stCampus` LIKE '%%' AND `stSection` LIKE '%%' AND `stDepartments` LIKE '%%' AND `stPost` LIKE '%%' AND `stSex` LIKE '%%' AND `stPersonnelStatus` = 0 ORDER BY stId desc LIMIT 0,21   [ RunTime:0.0010s ]
INFO: [ view_parse ] --START--
INFO: [ template_filter ] --START--
INFO: Run Behavior\ContentReplaceBehavior [ RunTime:0.001000s ]
INFO: [ template_filter ] --END-- [ RunTime:0.001000s ]
INFO: Run Behavior\ParseTemplateBehavior [ RunTime:0.022001s ]
INFO: [ view_parse ] --END-- [ RunTime:0.022001s ]
INFO: [ view_filter ] --START--
INFO: Run Behavior\WriteHtmlCacheBehavior [ RunTime:0.001000s ]
INFO: [ view_filter ] --END-- [ RunTime:0.002000s ]
INFO: [ app_end ] --START--
INFO: Run Behavior\ShowPageTraceBehavior [ RunTime:0.004001s ]
INFO: [ app_end ] --END-- [ RunTime:0.004001s ]

[ 2016-10-23T10:42:35+08:00 ] ::1 /renshi/index.php/Admin/User/lists?stName=+%E6%B1%9F
INFO: [ app_init ] --START--
INFO: Run Behavior\BuildLiteBehavior [ RunTime:0.000000s ]
INFO: [ app_init ] --END-- [ RunTime:0.000000s ]
INFO: [ app_begin ] --START--
INFO: Run Behavior\ReadHtmlCacheBehavior [ RunTime:0.000000s ]
INFO: [ app_begin ] --END-- [ RunTime:0.001000s ]
SQL: SHOW COLUMNS FROM `renshi_staffff` [ RunTime:0.0060s ]
SQL: SELECT COUNT(*) AS tp_count FROM `renshi_staffff` WHERE `stName` LIKE '%江%' AND `stCampus` LIKE '%%' AND `stSection` LIKE '%%' AND `stDepartments` LIKE '%%' AND `stPost` LIKE '%%' AND `stSex` LIKE '%%' AND `stPersonnelStatus` = 0 LIMIT 1   [ RunTime:0.0000s ]
SQL: SELECT * FROM `renshi_staffff` WHERE `stName` LIKE '%江%' AND `stCampus` LIKE '%%' AND `stSection` LIKE '%%' AND `stDepartments` LIKE '%%' AND `stPost` LIKE '%%' AND `stSex` LIKE '%%' AND `stPersonnelStatus` = 0 ORDER BY stId desc LIMIT 0,21   [ RunTime:0.0020s ]
INFO: [ view_parse ] --START--
INFO: [ template_filter ] --START--
INFO: Run Behavior\ContentReplaceBehavior [ RunTime:0.000000s ]
INFO: [ template_filter ] --END-- [ RunTime:0.000000s ]
INFO: Run Behavior\ParseTemplateBehavior [ RunTime:0.023001s ]
INFO: [ view_parse ] --END-- [ RunTime:0.023001s ]
INFO: [ view_filter ] --START--
INFO: Run Behavior\WriteHtmlCacheBehavior [ RunTime:0.001000s ]
INFO: [ view_filter ] --END-- [ RunTime:0.001000s ]
INFO: [ app_end ] --START--
INFO: Run Behavior\ShowPageTraceBehavior [ RunTime:0.001001s ]
INFO: [ app_end ] --END-- [ RunTime:0.001001s ]

[ 2016-10-23T10:42:39+08:00 ] ::1 /renshi/index.php/Admin/User/lists?stName=++%E6%B1%9F
INFO: [ app_init ] --START--
INFO: Run Behavior\BuildLiteBehavior [ RunTime:0.000000s ]
INFO: [ app_init ] --END-- [ RunTime:0.001000s ]
INFO: [ app_begin ] --START--
INFO: Run Behavior\ReadHtmlCacheBehavior [ RunTime:0.001000s ]
INFO: [ app_begin ] --END-- [ RunTime:0.001000s ]
SQL: SHOW COLUMNS FROM `renshi_staffff` [ RunTime:0.0070s ]
SQL: SELECT COUNT(*) AS tp_count FROM `renshi_staffff` WHERE `stName` LIKE '%江%' AND `stCampus` LIKE '%%' AND `stSection` LIKE '%%' AND `stDepartments` LIKE '%%' AND `stPost` LIKE '%%' AND `stSex` LIKE '%%' AND `stPersonnelStatus` = 0 LIMIT 1   [ RunTime:0.0010s ]
SQL: SELECT * FROM `renshi_staffff` WHERE `stName` LIKE '%江%' AND `stCampus` LIKE '%%' AND `stSection` LIKE '%%' AND `stDepartments` LIKE '%%' AND `stPost` LIKE '%%' AND `stSex` LIKE '%%' AND `stPersonnelStatus` = 0 ORDER BY stId desc LIMIT 0,21   [ RunTime:0.0020s ]
INFO: [ view_parse ] --START--
INFO: [ template_filter ] --START--
INFO: Run Behavior\ContentReplaceBehavior [ RunTime:0.000000s ]
INFO: [ template_filter ] --END-- [ RunTime:0.000000s ]
INFO: Run Behavior\ParseTemplateBehavior [ RunTime:0.023001s ]
INFO: [ view_parse ] --END-- [ RunTime:0.023001s ]
INFO: [ view_filter ] --START--
INFO: Run Behavior\WriteHtmlCacheBehavior [ RunTime:0.001000s ]
INFO: [ view_filter ] --END-- [ RunTime:0.001000s ]
INFO: [ app_end ] --START--
INFO: Run Behavior\ShowPageTraceBehavior [ RunTime:0.001000s ]
INFO: [ app_end ] --END-- [ RunTime:0.001000s ]

[ 2016-10-23T10:42:41+08:00 ] ::1 /renshi/index.php/Admin/User/lists?stName=+++%E6%B1%9F
INFO: [ app_init ] --START--
INFO: Run Behavior\BuildLiteBehavior [ RunTime:0.000000s ]
INFO: [ app_init ] --END-- [ RunTime:0.000000s ]
INFO: [ app_begin ] --START--
INFO: Run Behavior\ReadHtmlCacheBehavior [ RunTime:0.001000s ]
INFO: [ app_begin ] --END-- [ RunTime:0.001000s ]
SQL: SHOW COLUMNS FROM `renshi_staffff` [ RunTime:0.0060s ]
SQL: SELECT COUNT(*) AS tp_count FROM `renshi_staffff` WHERE `stName` LIKE '%江%' AND `stCampus` LIKE '%%' AND `stSection` LIKE '%%' AND `stDepartments` LIKE '%%' AND `stPost` LIKE '%%' AND `stSex` LIKE '%%' AND `stPersonnelStatus` = 0 LIMIT 1   [ RunTime:0.0010s ]
SQL: SELECT * FROM `renshi_staffff` WHERE `stName` LIKE '%江%' AND `stCampus` LIKE '%%' AND `stSection` LIKE '%%' AND `stDepartments` LIKE '%%' AND `stPost` LIKE '%%' AND `stSex` LIKE '%%' AND `stPersonnelStatus` = 0 ORDER BY stId desc LIMIT 0,21   [ RunTime:0.0020s ]
INFO: [ view_parse ] --START--
INFO: [ template_filter ] --START--
INFO: Run Behavior\ContentReplaceBehavior [ RunTime:0.000000s ]
INFO: [ template_filter ] --END-- [ RunTime:0.000000s ]
INFO: Run Behavior\ParseTemplateBehavior [ RunTime:0.023002s ]
INFO: [ view_parse ] --END-- [ RunTime:0.023002s ]
INFO: [ view_filter ] --START--
INFO: Run Behavior\WriteHtmlCacheBehavior [ RunTime:0.001000s ]
INFO: [ view_filter ] --END-- [ RunTime:0.001000s ]
INFO: [ app_end ] --START--
INFO: Run Behavior\ShowPageTraceBehavior [ RunTime:0.001000s ]
INFO: [ app_end ] --END-- [ RunTime:0.001000s ]

[ 2016-10-23T10:43:35+08:00 ] ::1 /renshi/index.php/Admin/User/lists
INFO: [ app_init ] --START--
INFO: Run Behavior\BuildLiteBehavior [ RunTime:0.000000s ]
INFO: [ app_init ] --END-- [ RunTime:0.000000s ]
INFO: [ app_begin ] --START--
INFO: Run Behavior\ReadHtmlCacheBehavior [ RunTime:0.001000s ]
INFO: [ app_begin ] --END-- [ RunTime:0.001000s ]
SQL: SHOW COLUMNS FROM `renshi_staffff` [ RunTime:0.0080s ]
SQL: SELECT COUNT(*) AS tp_count FROM `renshi_staffff` WHERE `stCampus` LIKE '%%' AND `stSection` LIKE '%%' AND `stDepartments` LIKE '%%' AND `stPost` LIKE '%%' AND `stSex` LIKE '%%' AND `stPersonnelStatus` = 0 LIMIT 1   [ RunTime:0.0010s ]
SQL: SELECT * FROM `renshi_staffff` WHERE `stCampus` LIKE '%%' AND `stSection` LIKE '%%' AND `stDepartments` LIKE '%%' AND `stPost` LIKE '%%' AND `stSex` LIKE '%%' AND `stPersonnelStatus` = 0 ORDER BY stId desc LIMIT 0,21   [ RunTime:0.0010s ]
INFO: [ view_parse ] --START--
INFO: [ template_filter ] --START--
INFO: Run Behavior\ContentReplaceBehavior [ RunTime:0.001001s ]
INFO: [ template_filter ] --END-- [ RunTime:0.001001s ]
INFO: Run Behavior\ParseTemplateBehavior [ RunTime:0.025002s ]
INFO: [ view_parse ] --END-- [ RunTime:0.025002s ]
INFO: [ view_filter ] --START--
INFO: Run Behavior\WriteHtmlCacheBehavior [ RunTime:0.001000s ]
INFO: [ view_filter ] --END-- [ RunTime:0.001000s ]
INFO: [ app_end ] --START--
INFO: Run Behavior\ShowPageTraceBehavior [ RunTime:0.001000s ]
INFO: [ app_end ] --END-- [ RunTime:0.001000s ]

[ 2016-10-23T10:43:39+08:00 ] ::1 /renshi/index.php/Admin/User/lists?stName=
INFO: [ app_init ] --START--
INFO: Run Behavior\BuildLiteBehavior [ RunTime:0.000000s ]
INFO: [ app_init ] --END-- [ RunTime:0.000000s ]
INFO: [ app_begin ] --START--
INFO: Run Behavior\ReadHtmlCacheBehavior [ RunTime:0.000000s ]
INFO: [ app_begin ] --END-- [ RunTime:0.000000s ]
SQL: SHOW COLUMNS FROM `renshi_staffff` [ RunTime:0.0060s ]
SQL: SELECT COUNT(*) AS tp_count FROM `renshi_staffff` WHERE `stCampus` LIKE '%%' AND `stSection` LIKE '%%' AND `stDepartments` LIKE '%%' AND `stPost` LIKE '%%' AND `stSex` LIKE '%%' AND `stPersonnelStatus` = 0 LIMIT 1   [ RunTime:0.0010s ]
SQL: SELECT * FROM `renshi_staffff` WHERE `stCampus` LIKE '%%' AND `stSection` LIKE '%%' AND `stDepartments` LIKE '%%' AND `stPost` LIKE '%%' AND `stSex` LIKE '%%' AND `stPersonnelStatus` = 0 ORDER BY stId desc LIMIT 0,21   [ RunTime:0.0020s ]
INFO: [ view_parse ] --START--
INFO: [ template_filter ] --START--
INFO: Run Behavior\ContentReplaceBehavior [ RunTime:0.001000s ]
INFO: [ template_filter ] --END-- [ RunTime:0.001000s ]
INFO: Run Behavior\ParseTemplateBehavior [ RunTime:0.025002s ]
INFO: [ view_parse ] --END-- [ RunTime:0.025002s ]
INFO: [ view_filter ] --START--
INFO: Run Behavior\WriteHtmlCacheBehavior [ RunTime:0.001000s ]
INFO: [ view_filter ] --END-- [ RunTime:0.001000s ]
INFO: [ app_end ] --START--
INFO: Run Behavior\ShowPageTraceBehavior [ RunTime:0.001000s ]
INFO: [ app_end ] --END-- [ RunTime:0.001000s ]

[ 2016-10-23T10:43:42+08:00 ] ::1 /renshi/index.php/Admin/User/lists?stCampus=1&stSection=&stDepartments=&stPost=&stSex=
INFO: [ app_init ] --START--
INFO: Run Behavior\BuildLiteBehavior [ RunTime:0.000000s ]
INFO: [ app_init ] --END-- [ RunTime:0.001000s ]
INFO: [ app_begin ] --START--
INFO: Run Behavior\ReadHtmlCacheBehavior [ RunTime:0.001000s ]
INFO: [ app_begin ] --END-- [ RunTime:0.001000s ]
SQL: SHOW COLUMNS FROM `renshi_staffff` [ RunTime:0.0070s ]
SQL: SELECT COUNT(*) AS tp_count FROM `renshi_staffff` WHERE `stName` LIKE '%%' AND `stCampus` LIKE '%1%' AND `stSection` LIKE '%%' AND `stDepartments` LIKE '%%' AND `stPost` LIKE '%%' AND `stSex` LIKE '%%' AND `stPersonnelStatus` = 0 LIMIT 1   [ RunTime:0.0020s ]
SQL: SELECT * FROM `renshi_staffff` WHERE `stName` LIKE '%%' AND `stCampus` LIKE '%1%' AND `stSection` LIKE '%%' AND `stDepartments` LIKE '%%' AND `stPost` LIKE '%%' AND `stSex` LIKE '%%' AND `stPersonnelStatus` = 0 ORDER BY stId desc LIMIT 0,21   [ RunTime:0.0010s ]
INFO: [ view_parse ] --START--
INFO: [ template_filter ] --START--
INFO: Run Behavior\ContentReplaceBehavior [ RunTime:0.001000s ]
INFO: [ template_filter ] --END-- [ RunTime:0.001000s ]
INFO: Run Behavior\ParseTemplateBehavior [ RunTime:0.022002s ]
INFO: [ view_parse ] --END-- [ RunTime:0.022002s ]
INFO: [ view_filter ] --START--
INFO: Run Behavior\WriteHtmlCacheBehavior [ RunTime:0.001000s ]
INFO: [ view_filter ] --END-- [ RunTime:0.001000s ]
INFO: [ app_end ] --START--
INFO: Run Behavior\ShowPageTraceBehavior [ RunTime:0.002000s ]
INFO: [ app_end ] --END-- [ RunTime:0.002000s ]

[ 2016-10-23T10:47:17+08:00 ] ::1 /renshi/index.php/Admin/User/lists
INFO: [ app_init ] --START--
INFO: Run Behavior\BuildLiteBehavior [ RunTime:0.001000s ]
INFO: [ app_init ] --END-- [ RunTime:0.001000s ]
INFO: [ app_begin ] --START--
INFO: Run Behavior\ReadHtmlCacheBehavior [ RunTime:0.000000s ]
INFO: [ app_begin ] --END-- [ RunTime:0.000000s ]
SQL: SHOW COLUMNS FROM `renshi_staffff` [ RunTime:0.0070s ]
SQL: SELECT COUNT(*) AS tp_count FROM `renshi_staffff` WHERE `stCampus` LIKE '%%' AND `stSection` LIKE '%%' AND `stDepartments` LIKE '%%' AND `stPost` LIKE '%%' AND `stSex` LIKE '%%' AND `stPersonnelStatus` = 0 LIMIT 1   [ RunTime:0.0010s ]
SQL: SELECT * FROM `renshi_staffff` WHERE `stCampus` LIKE '%%' AND `stSection` LIKE '%%' AND `stDepartments` LIKE '%%' AND `stPost` LIKE '%%' AND `stSex` LIKE '%%' AND `stPersonnelStatus` = 0 ORDER BY stId desc LIMIT 0,21   [ RunTime:0.0020s ]
INFO: [ view_parse ] --START--
INFO: [ template_filter ] --START--
INFO: Run Behavior\ContentReplaceBehavior [ RunTime:0.001000s ]
INFO: [ template_filter ] --END-- [ RunTime:0.001000s ]
INFO: Run Behavior\ParseTemplateBehavior [ RunTime:0.024001s ]
INFO: [ view_parse ] --END-- [ RunTime:0.024001s ]
INFO: [ view_filter ] --START--
INFO: Run Behavior\WriteHtmlCacheBehavior [ RunTime:0.001000s ]
INFO: [ view_filter ] --END-- [ RunTime:0.001000s ]
INFO: [ app_end ] --START--
INFO: Run Behavior\ShowPageTraceBehavior [ RunTime:0.001000s ]
INFO: [ app_end ] --END-- [ RunTime:0.001000s ]

