[ 2017-05-24T10:29:30+08:00 ] 127.0.0.1 /index.php/Admin/User/add
INFO: [ app_init ] --START--
INFO: Run Behavior\BuildLiteBehavior [ RunTime:0.000000s ]
INFO: [ app_init ] --END-- [ RunTime:0.018001s ]
INFO: [ app_begin ] --START--
INFO: Run Behavior\ReadHtmlCacheBehavior [ RunTime:0.003000s ]
INFO: [ app_begin ] --END-- [ RunTime:0.003000s ]

[ 2017-05-24T10:29:30+08:00 ] 127.0.0.1 /index.php/Admin/Login/login.html
INFO: [ app_init ] --START--
INFO: Run Behavior\BuildLiteBehavior [ RunTime:0.000000s ]
INFO: [ app_init ] --END-- [ RunTime:0.001000s ]
INFO: [ app_begin ] --START--
INFO: Run Behavior\ReadHtmlCacheBehavior [ RunTime:0.000000s ]
INFO: [ app_begin ] --END-- [ RunTime:0.001000s ]
NOTIC: [8] Undefined variable: result F:\xampp\htdocs\renshi\Application\Admin\Controller\LoginController.class.php 第 28 行.
INFO: [ view_parse ] --START--
INFO: [ template_filter ] --START--
INFO: Run Behavior\ContentReplaceBehavior [ RunTime:0.017001s ]
INFO: [ template_filter ] --END-- [ RunTime:0.017001s ]
INFO: Run Behavior\ParseTemplateBehavior [ RunTime:0.065004s ]
INFO: [ view_parse ] --END-- [ RunTime:0.065004s ]
INFO: [ view_filter ] --START--
INFO: Run Behavior\WriteHtmlCacheBehavior [ RunTime:0.001000s ]
INFO: [ view_filter ] --END-- [ RunTime:0.001000s ]
INFO: [ app_end ] --START--
INFO: Run Behavior\ShowPageTraceBehavior [ RunTime:0.001000s ]
INFO: [ app_end ] --END-- [ RunTime:0.001000s ]

[ 2017-05-24T10:29:31+08:00 ] 127.0.0.1 /index.php/Admin/Login/img/favicon.png
INFO: [ app_init ] --START--
INFO: Run Behavior\BuildLiteBehavior [ RunTime:0.000000s ]
INFO: [ app_init ] --END-- [ RunTime:0.000000s ]

[ 2017-05-24T10:29:39+08:00 ] 127.0.0.1 /index.php/Admin/Login/login.html
INFO: [ app_init ] --START--
INFO: Run Behavior\BuildLiteBehavior [ RunTime:0.000000s ]
INFO: [ app_init ] --END-- [ RunTime:0.000000s ]
INFO: [ app_begin ] --START--
INFO: Run Behavior\ReadHtmlCacheBehavior [ RunTime:0.001000s ]
INFO: [ app_begin ] --END-- [ RunTime:0.001000s ]
SQL: SHOW COLUMNS FROM `renshi_admin` [ RunTime:0.0970s ]
SQL: SELECT * FROM `renshi_admin` WHERE `aUser` = 'admin' AND `aPassword` = '202cb962ac59075b964b07152d234b70' LIMIT 1   [ RunTime:0.0130s ]

[ 2017-05-24T10:29:39+08:00 ] 127.0.0.1 /index.php/Admin/Index/index.html
INFO: [ app_init ] --START--
INFO: Run Behavior\BuildLiteBehavior [ RunTime:0.000000s ]
INFO: [ app_init ] --END-- [ RunTime:0.000000s ]
INFO: [ app_begin ] --START--
INFO: Run Behavior\ReadHtmlCacheBehavior [ RunTime:0.000000s ]
INFO: [ app_begin ] --END-- [ RunTime:0.000000s ]
INFO: [ view_parse ] --START--
INFO: [ template_filter ] --START--
INFO: Run Behavior\ContentReplaceBehavior [ RunTime:0.000000s ]
INFO: [ template_filter ] --END-- [ RunTime:0.000000s ]
INFO: Run Behavior\ParseTemplateBehavior [ RunTime:0.030001s ]
INFO: [ view_parse ] --END-- [ RunTime:0.030001s ]
INFO: [ view_filter ] --START--
INFO: Run Behavior\WriteHtmlCacheBehavior [ RunTime:0.000000s ]
INFO: [ view_filter ] --END-- [ RunTime:0.000000s ]
INFO: [ app_end ] --START--
INFO: Run Behavior\ShowPageTraceBehavior [ RunTime:0.000000s ]
INFO: [ app_end ] --END-- [ RunTime:0.000000s ]

[ 2017-05-24T10:29:44+08:00 ] 127.0.0.1 /index.php/Admin/User/add.html
INFO: [ app_init ] --START--
INFO: Run Behavior\BuildLiteBehavior [ RunTime:0.000000s ]
INFO: [ app_init ] --END-- [ RunTime:0.000000s ]
INFO: [ app_begin ] --START--
INFO: Run Behavior\ReadHtmlCacheBehavior [ RunTime:0.001000s ]
INFO: [ app_begin ] --END-- [ RunTime:0.001000s ]
INFO: [ view_parse ] --START--
INFO: [ template_filter ] --START--
INFO: Run Behavior\ContentReplaceBehavior [ RunTime:0.000000s ]
INFO: [ template_filter ] --END-- [ RunTime:0.001000s ]
INFO: Run Behavior\ParseTemplateBehavior [ RunTime:0.082005s ]
INFO: [ view_parse ] --END-- [ RunTime:0.082005s ]
INFO: [ view_filter ] --START--
INFO: Run Behavior\WriteHtmlCacheBehavior [ RunTime:0.001000s ]
INFO: [ view_filter ] --END-- [ RunTime:0.001000s ]
INFO: [ app_end ] --START--
INFO: Run Behavior\ShowPageTraceBehavior [ RunTime:0.001000s ]
INFO: [ app_end ] --END-- [ RunTime:0.001000s ]

[ 2017-05-24T10:29:48+08:00 ] 127.0.0.1 /index.php/Admin/User/addExam.html
INFO: [ app_init ] --START--
INFO: Run Behavior\BuildLiteBehavior [ RunTime:0.000000s ]
INFO: [ app_init ] --END-- [ RunTime:0.001000s ]
INFO: [ app_begin ] --START--
INFO: Run Behavior\ReadHtmlCacheBehavior [ RunTime:0.000000s ]
INFO: [ app_begin ] --END-- [ RunTime:0.000000s ]
SQL: SHOW COLUMNS FROM `zone` [ RunTime:0.0400s ]
SQL: SELECT `zone_id`,`zone_name` FROM `zone`  [ RunTime:0.0010s ]
SQL: SHOW COLUMNS FROM `subject` [ RunTime:0.0390s ]
SQL: SELECT * FROM `subject`  [ RunTime:0.0000s ]
INFO: [ view_parse ] --START--
INFO: [ template_filter ] --START--
INFO: Run Behavior\ContentReplaceBehavior [ RunTime:0.001001s ]
INFO: [ template_filter ] --END-- [ RunTime:0.001001s ]
INFO: Run Behavior\ParseTemplateBehavior [ RunTime:0.030002s ]
INFO: [ view_parse ] --END-- [ RunTime:0.031002s ]
INFO: [ view_filter ] --START--
INFO: Run Behavior\WriteHtmlCacheBehavior [ RunTime:0.001000s ]
INFO: [ view_filter ] --END-- [ RunTime:0.001000s ]
INFO: [ app_end ] --START--
INFO: Run Behavior\ShowPageTraceBehavior [ RunTime:0.001000s ]
INFO: [ app_end ] --END-- [ RunTime:0.001000s ]

[ 2017-05-24T10:29:55+08:00 ] 127.0.0.1 /index.php/Admin/User/add.html
INFO: [ app_init ] --START--
INFO: Run Behavior\BuildLiteBehavior [ RunTime:0.000000s ]
INFO: [ app_init ] --END-- [ RunTime:0.000000s ]
INFO: [ app_begin ] --START--
INFO: Run Behavior\ReadHtmlCacheBehavior [ RunTime:0.000000s ]
INFO: [ app_begin ] --END-- [ RunTime:0.000000s ]
INFO: [ view_parse ] --START--
INFO: [ template_filter ] --START--
INFO: Run Behavior\ContentReplaceBehavior [ RunTime:0.000000s ]
INFO: [ template_filter ] --END-- [ RunTime:0.000000s ]
INFO: Run Behavior\ParseTemplateBehavior [ RunTime:0.012000s ]
INFO: [ view_parse ] --END-- [ RunTime:0.012000s ]
INFO: [ view_filter ] --START--
INFO: Run Behavior\WriteHtmlCacheBehavior [ RunTime:0.000000s ]
INFO: [ view_filter ] --END-- [ RunTime:0.000000s ]
INFO: [ app_end ] --START--
INFO: Run Behavior\ShowPageTraceBehavior [ RunTime:0.000000s ]
INFO: [ app_end ] --END-- [ RunTime:0.000000s ]

[ 2017-05-24T10:29:59+08:00 ] 127.0.0.1 /index.php/Admin/User/addExam.html
INFO: [ app_init ] --START--
INFO: Run Behavior\BuildLiteBehavior [ RunTime:0.000000s ]
INFO: [ app_init ] --END-- [ RunTime:0.001000s ]
INFO: [ app_begin ] --START--
INFO: Run Behavior\ReadHtmlCacheBehavior [ RunTime:0.001000s ]
INFO: [ app_begin ] --END-- [ RunTime:0.001000s ]
SQL: SHOW COLUMNS FROM `zone` [ RunTime:0.0030s ]
SQL: SELECT `zone_id`,`zone_name` FROM `zone`  [ RunTime:0.0010s ]
SQL: SHOW COLUMNS FROM `subject` [ RunTime:0.0020s ]
SQL: SELECT * FROM `subject`  [ RunTime:0.0000s ]
INFO: [ view_parse ] --START--
INFO: [ template_filter ] --START--
INFO: Run Behavior\ContentReplaceBehavior [ RunTime:0.001000s ]
INFO: [ template_filter ] --END-- [ RunTime:0.001000s ]
INFO: Run Behavior\ParseTemplateBehavior [ RunTime:0.010001s ]
INFO: [ view_parse ] --END-- [ RunTime:0.010001s ]
INFO: [ view_filter ] --START--
INFO: Run Behavior\WriteHtmlCacheBehavior [ RunTime:0.000000s ]
INFO: [ view_filter ] --END-- [ RunTime:0.000000s ]
INFO: [ app_end ] --START--
INFO: Run Behavior\ShowPageTraceBehavior [ RunTime:0.001000s ]
INFO: [ app_end ] --END-- [ RunTime:0.001000s ]

[ 2017-05-24T10:30:05+08:00 ] 127.0.0.1 /index.php/Admin/User/addExam.html
INFO: [ app_init ] --START--
INFO: Run Behavior\BuildLiteBehavior [ RunTime:0.000000s ]
INFO: [ app_init ] --END-- [ RunTime:0.000000s ]
INFO: [ app_begin ] --START--
INFO: Run Behavior\ReadHtmlCacheBehavior [ RunTime:0.000000s ]
INFO: [ app_begin ] --END-- [ RunTime:0.000000s ]
SQL: SHOW COLUMNS FROM `zone` [ RunTime:0.0020s ]
SQL: SELECT `zone_id`,`zone_name` FROM `zone`  [ RunTime:0.0010s ]
SQL: SHOW COLUMNS FROM `subject` [ RunTime:0.0020s ]
SQL: SELECT * FROM `subject`  [ RunTime:0.0000s ]
INFO: [ view_parse ] --START--
INFO: [ template_filter ] --START--
INFO: Run Behavior\ContentReplaceBehavior [ RunTime:0.000000s ]
INFO: [ template_filter ] --END-- [ RunTime:0.000000s ]
INFO: Run Behavior\ParseTemplateBehavior [ RunTime:0.010001s ]
INFO: [ view_parse ] --END-- [ RunTime:0.011001s ]
INFO: [ view_filter ] --START--
INFO: Run Behavior\WriteHtmlCacheBehavior [ RunTime:0.000000s ]
INFO: [ view_filter ] --END-- [ RunTime:0.000000s ]
INFO: [ app_end ] --START--
INFO: Run Behavior\ShowPageTraceBehavior [ RunTime:0.001000s ]
INFO: [ app_end ] --END-- [ RunTime:0.001000s ]

[ 2017-05-24T10:30:18+08:00 ] 127.0.0.1 /index.php/Admin/User/insertExam.html
INFO: [ app_init ] --START--
INFO: Run Behavior\BuildLiteBehavior [ RunTime:0.000000s ]
INFO: [ app_init ] --END-- [ RunTime:0.000000s ]
INFO: [ app_begin ] --START--
INFO: Run Behavior\ReadHtmlCacheBehavior [ RunTime:0.000000s ]
INFO: [ app_begin ] --END-- [ RunTime:0.000000s ]
SQL: select * from information where zone_id=15 and course_id=1 [ RunTime:0.1130s ]
INFO: [ app_end ] --START--
INFO: Run Behavior\ShowPageTraceBehavior [ RunTime:0.001000s ]
INFO: [ app_end ] --END-- [ RunTime:0.001000s ]

[ 2017-05-24T10:30:21+08:00 ] 127.0.0.1 /index.php/Admin/User/addExam
INFO: [ app_init ] --START--
INFO: Run Behavior\BuildLiteBehavior [ RunTime:0.000000s ]
INFO: [ app_init ] --END-- [ RunTime:0.001000s ]
INFO: [ app_begin ] --START--
INFO: Run Behavior\ReadHtmlCacheBehavior [ RunTime:0.001000s ]
INFO: [ app_begin ] --END-- [ RunTime:0.001000s ]
SQL: SHOW COLUMNS FROM `zone` [ RunTime:0.0020s ]
SQL: SELECT `zone_id`,`zone_name` FROM `zone`  [ RunTime:0.0000s ]
SQL: SHOW COLUMNS FROM `subject` [ RunTime:0.0030s ]
SQL: SELECT * FROM `subject`  [ RunTime:0.0000s ]
INFO: [ view_parse ] --START--
INFO: [ template_filter ] --START--
INFO: Run Behavior\ContentReplaceBehavior [ RunTime:0.000000s ]
INFO: [ template_filter ] --END-- [ RunTime:0.000000s ]
INFO: Run Behavior\ParseTemplateBehavior [ RunTime:0.011001s ]
INFO: [ view_parse ] --END-- [ RunTime:0.011001s ]
INFO: [ view_filter ] --START--
INFO: Run Behavior\WriteHtmlCacheBehavior [ RunTime:0.000000s ]
INFO: [ view_filter ] --END-- [ RunTime:0.000000s ]
INFO: [ app_end ] --START--
INFO: Run Behavior\ShowPageTraceBehavior [ RunTime:0.000000s ]
INFO: [ app_end ] --END-- [ RunTime:0.000000s ]

[ 2017-05-24T10:30:22+08:00 ] 127.0.0.1 /index.php/Admin/User/actionhehehe.html
INFO: [ app_init ] --START--
INFO: Run Behavior\BuildLiteBehavior [ RunTime:0.000000s ]
INFO: [ app_init ] --END-- [ RunTime:0.000000s ]
INFO: [ app_begin ] --START--
INFO: Run Behavior\ReadHtmlCacheBehavior [ RunTime:0.000000s ]
INFO: [ app_begin ] --END-- [ RunTime:0.000000s ]
SQL: select * from zone where 1 [ RunTime:0.0000s ]
SQL: select s.subject,i.url1,i.url2,i.id from information as i inner join subject as s on i.course_id=s.id where i.zone_id=15 [ RunTime:0.0500s ]
SQL: select s.subject,i.url1,i.url2,i.id from information as i inner join subject as s on i.course_id=s.id where i.zone_id=16 [ RunTime:0.0010s ]
SQL: select s.subject,i.url1,i.url2,i.id from information as i inner join subject as s on i.course_id=s.id where i.zone_id=18 [ RunTime:0.0000s ]
SQL: select s.subject,i.url1,i.url2,i.id from information as i inner join subject as s on i.course_id=s.id where i.zone_id=19 [ RunTime:0.0010s ]
SQL: SHOW COLUMNS FROM `con_title` [ RunTime:0.0340s ]
SQL: SELECT * FROM `con_title`  [ RunTime:0.0010s ]
INFO: [ view_parse ] --START--
INFO: [ template_filter ] --START--
INFO: Run Behavior\ContentReplaceBehavior [ RunTime:0.000000s ]
INFO: [ template_filter ] --END-- [ RunTime:0.001000s ]
NOTIC: [8] Use of undefined constant url2 - assumed 'url2' F:\xampp\htdocs\renshi\Application\Runtime\Cache\Admin\d824651aff3906d70697152f61198190.php 第 244 行.
NOTIC: [8] Use of undefined constant url2 - assumed 'url2' F:\xampp\htdocs\renshi\Application\Runtime\Cache\Admin\d824651aff3906d70697152f61198190.php 第 244 行.
NOTIC: [8] Use of undefined constant url2 - assumed 'url2' F:\xampp\htdocs\renshi\Application\Runtime\Cache\Admin\d824651aff3906d70697152f61198190.php 第 244 行.
NOTIC: [8] Use of undefined constant url2 - assumed 'url2' F:\xampp\htdocs\renshi\Application\Runtime\Cache\Admin\d824651aff3906d70697152f61198190.php 第 244 行.
NOTIC: [8] Use of undefined constant url2 - assumed 'url2' F:\xampp\htdocs\renshi\Application\Runtime\Cache\Admin\d824651aff3906d70697152f61198190.php 第 244 行.
NOTIC: [8] Use of undefined constant url2 - assumed 'url2' F:\xampp\htdocs\renshi\Application\Runtime\Cache\Admin\d824651aff3906d70697152f61198190.php 第 244 行.
NOTIC: [8] Use of undefined constant url2 - assumed 'url2' F:\xampp\htdocs\renshi\Application\Runtime\Cache\Admin\d824651aff3906d70697152f61198190.php 第 244 行.
NOTIC: [8] Use of undefined constant url2 - assumed 'url2' F:\xampp\htdocs\renshi\Application\Runtime\Cache\Admin\d824651aff3906d70697152f61198190.php 第 244 行.
NOTIC: [8] Use of undefined constant url2 - assumed 'url2' F:\xampp\htdocs\renshi\Application\Runtime\Cache\Admin\d824651aff3906d70697152f61198190.php 第 244 行.
NOTIC: [8] Use of undefined constant url2 - assumed 'url2' F:\xampp\htdocs\renshi\Application\Runtime\Cache\Admin\d824651aff3906d70697152f61198190.php 第 244 行.
NOTIC: [8] Use of undefined constant url2 - assumed 'url2' F:\xampp\htdocs\renshi\Application\Runtime\Cache\Admin\d824651aff3906d70697152f61198190.php 第 244 行.
NOTIC: [8] Use of undefined constant url2 - assumed 'url2' F:\xampp\htdocs\renshi\Application\Runtime\Cache\Admin\d824651aff3906d70697152f61198190.php 第 244 行.
INFO: Run Behavior\ParseTemplateBehavior [ RunTime:0.024001s ]
INFO: [ view_parse ] --END-- [ RunTime:0.024001s ]
INFO: [ view_filter ] --START--
INFO: Run Behavior\WriteHtmlCacheBehavior [ RunTime:0.000000s ]
INFO: [ view_filter ] --END-- [ RunTime:0.000000s ]
INFO: [ app_end ] --START--
INFO: Run Behavior\ShowPageTraceBehavior [ RunTime:0.000000s ]
INFO: [ app_end ] --END-- [ RunTime:0.000000s ]

[ 2017-05-24T10:32:17+08:00 ] 127.0.0.1 /index.php/Admin/user/actionhehehe
INFO: [ app_init ] --START--
INFO: Run Behavior\BuildLiteBehavior [ RunTime:0.000000s ]
INFO: [ app_init ] --END-- [ RunTime:0.000000s ]
INFO: [ app_begin ] --START--
INFO: Run Behavior\ReadHtmlCacheBehavior [ RunTime:0.000000s ]
INFO: [ app_begin ] --END-- [ RunTime:0.000000s ]
SQL: select * from zone where 1 [ RunTime:0.0000s ]
SQL: select s.subject,i.url1,i.url2,i.id from information as i inner join subject as s on i.course_id=s.id where i.zone_id=15 [ RunTime:0.0000s ]
SQL: select s.subject,i.url1,i.url2,i.id from information as i inner join subject as s on i.course_id=s.id where i.zone_id=16 [ RunTime:0.0000s ]
SQL: select s.subject,i.url1,i.url2,i.id from information as i inner join subject as s on i.course_id=s.id where i.zone_id=18 [ RunTime:0.0000s ]
SQL: select s.subject,i.url1,i.url2,i.id from information as i inner join subject as s on i.course_id=s.id where i.zone_id=19 [ RunTime:0.0010s ]
SQL: SHOW COLUMNS FROM `con_title` [ RunTime:0.0020s ]
SQL: SELECT * FROM `con_title`  [ RunTime:0.0000s ]
INFO: [ view_parse ] --START--
INFO: [ template_filter ] --START--
INFO: Run Behavior\ContentReplaceBehavior [ RunTime:0.000000s ]
INFO: [ template_filter ] --END-- [ RunTime:0.000000s ]
NOTIC: [8] Use of undefined constant url2 - assumed 'url2' F:\xampp\htdocs\renshi\Application\Runtime\Cache\Admin\d824651aff3906d70697152f61198190.php 第 244 行.
NOTIC: [8] Use of undefined constant url2 - assumed 'url2' F:\xampp\htdocs\renshi\Application\Runtime\Cache\Admin\d824651aff3906d70697152f61198190.php 第 244 行.
NOTIC: [8] Use of undefined constant url2 - assumed 'url2' F:\xampp\htdocs\renshi\Application\Runtime\Cache\Admin\d824651aff3906d70697152f61198190.php 第 244 行.
NOTIC: [8] Use of undefined constant url2 - assumed 'url2' F:\xampp\htdocs\renshi\Application\Runtime\Cache\Admin\d824651aff3906d70697152f61198190.php 第 244 行.
NOTIC: [8] Use of undefined constant url2 - assumed 'url2' F:\xampp\htdocs\renshi\Application\Runtime\Cache\Admin\d824651aff3906d70697152f61198190.php 第 244 行.
NOTIC: [8] Use of undefined constant url2 - assumed 'url2' F:\xampp\htdocs\renshi\Application\Runtime\Cache\Admin\d824651aff3906d70697152f61198190.php 第 244 行.
NOTIC: [8] Use of undefined constant url2 - assumed 'url2' F:\xampp\htdocs\renshi\Application\Runtime\Cache\Admin\d824651aff3906d70697152f61198190.php 第 244 行.
NOTIC: [8] Use of undefined constant url2 - assumed 'url2' F:\xampp\htdocs\renshi\Application\Runtime\Cache\Admin\d824651aff3906d70697152f61198190.php 第 244 行.
NOTIC: [8] Use of undefined constant url2 - assumed 'url2' F:\xampp\htdocs\renshi\Application\Runtime\Cache\Admin\d824651aff3906d70697152f61198190.php 第 244 行.
NOTIC: [8] Use of undefined constant url2 - assumed 'url2' F:\xampp\htdocs\renshi\Application\Runtime\Cache\Admin\d824651aff3906d70697152f61198190.php 第 244 行.
NOTIC: [8] Use of undefined constant url2 - assumed 'url2' F:\xampp\htdocs\renshi\Application\Runtime\Cache\Admin\d824651aff3906d70697152f61198190.php 第 244 行.
NOTIC: [8] Use of undefined constant url2 - assumed 'url2' F:\xampp\htdocs\renshi\Application\Runtime\Cache\Admin\d824651aff3906d70697152f61198190.php 第 244 行.
INFO: Run Behavior\ParseTemplateBehavior [ RunTime:0.012001s ]
INFO: [ view_parse ] --END-- [ RunTime:0.012001s ]
INFO: [ view_filter ] --START--
INFO: Run Behavior\WriteHtmlCacheBehavior [ RunTime:0.001000s ]
INFO: [ view_filter ] --END-- [ RunTime:0.001000s ]
INFO: [ app_end ] --START--
INFO: Run Behavior\ShowPageTraceBehavior [ RunTime:0.001000s ]
INFO: [ app_end ] --END-- [ RunTime:0.001000s ]

[ 2017-05-24T10:32:39+08:00 ] 127.0.0.1 /index.php/Admin/user/actionhehehe
INFO: [ app_init ] --START--
INFO: Run Behavior\BuildLiteBehavior [ RunTime:0.000000s ]
INFO: [ app_init ] --END-- [ RunTime:0.001000s ]
INFO: [ app_begin ] --START--
INFO: Run Behavior\ReadHtmlCacheBehavior [ RunTime:0.001000s ]
INFO: [ app_begin ] --END-- [ RunTime:0.001000s ]
SQL: select * from zone where 1 [ RunTime:0.0010s ]
SQL: select s.subject,i.url1,i.url2,i.id from information as i inner join subject as s on i.course_id=s.id where i.zone_id=15 [ RunTime:0.0010s ]
SQL: select s.subject,i.url1,i.url2,i.id from information as i inner join subject as s on i.course_id=s.id where i.zone_id=16 [ RunTime:0.0000s ]
SQL: select s.subject,i.url1,i.url2,i.id from information as i inner join subject as s on i.course_id=s.id where i.zone_id=18 [ RunTime:0.0010s ]
SQL: select s.subject,i.url1,i.url2,i.id from information as i inner join subject as s on i.course_id=s.id where i.zone_id=19 [ RunTime:0.0000s ]
SQL: SHOW COLUMNS FROM `con_title` [ RunTime:0.0020s ]
SQL: SELECT * FROM `con_title`  [ RunTime:0.0010s ]
INFO: [ view_parse ] --START--
INFO: [ template_filter ] --START--
INFO: Run Behavior\ContentReplaceBehavior [ RunTime:0.000000s ]
INFO: [ template_filter ] --END-- [ RunTime:0.000000s ]
NOTIC: [8] Use of undefined constant url2 - assumed 'url2' F:\xampp\htdocs\renshi\Application\Runtime\Cache\Admin\d824651aff3906d70697152f61198190.php 第 244 行.
NOTIC: [8] Use of undefined constant url2 - assumed 'url2' F:\xampp\htdocs\renshi\Application\Runtime\Cache\Admin\d824651aff3906d70697152f61198190.php 第 244 行.
NOTIC: [8] Use of undefined constant url2 - assumed 'url2' F:\xampp\htdocs\renshi\Application\Runtime\Cache\Admin\d824651aff3906d70697152f61198190.php 第 244 行.
NOTIC: [8] Use of undefined constant url2 - assumed 'url2' F:\xampp\htdocs\renshi\Application\Runtime\Cache\Admin\d824651aff3906d70697152f61198190.php 第 244 行.
NOTIC: [8] Use of undefined constant url2 - assumed 'url2' F:\xampp\htdocs\renshi\Application\Runtime\Cache\Admin\d824651aff3906d70697152f61198190.php 第 244 行.
NOTIC: [8] Use of undefined constant url2 - assumed 'url2' F:\xampp\htdocs\renshi\Application\Runtime\Cache\Admin\d824651aff3906d70697152f61198190.php 第 244 行.
NOTIC: [8] Use of undefined constant url2 - assumed 'url2' F:\xampp\htdocs\renshi\Application\Runtime\Cache\Admin\d824651aff3906d70697152f61198190.php 第 244 行.
NOTIC: [8] Use of undefined constant url2 - assumed 'url2' F:\xampp\htdocs\renshi\Application\Runtime\Cache\Admin\d824651aff3906d70697152f61198190.php 第 244 行.
NOTIC: [8] Use of undefined constant url2 - assumed 'url2' F:\xampp\htdocs\renshi\Application\Runtime\Cache\Admin\d824651aff3906d70697152f61198190.php 第 244 行.
NOTIC: [8] Use of undefined constant url2 - assumed 'url2' F:\xampp\htdocs\renshi\Application\Runtime\Cache\Admin\d824651aff3906d70697152f61198190.php 第 244 行.
NOTIC: [8] Use of undefined constant url2 - assumed 'url2' F:\xampp\htdocs\renshi\Application\Runtime\Cache\Admin\d824651aff3906d70697152f61198190.php 第 244 行.
NOTIC: [8] Use of undefined constant url2 - assumed 'url2' F:\xampp\htdocs\renshi\Application\Runtime\Cache\Admin\d824651aff3906d70697152f61198190.php 第 244 行.
INFO: Run Behavior\ParseTemplateBehavior [ RunTime:0.012001s ]
INFO: [ view_parse ] --END-- [ RunTime:0.012001s ]
INFO: [ view_filter ] --START--
INFO: Run Behavior\WriteHtmlCacheBehavior [ RunTime:0.000000s ]
INFO: [ view_filter ] --END-- [ RunTime:0.001000s ]
INFO: [ app_end ] --START--
INFO: Run Behavior\ShowPageTraceBehavior [ RunTime:0.000000s ]
INFO: [ app_end ] --END-- [ RunTime:0.000000s ]

[ 2017-05-24T10:32:43+08:00 ] 127.0.0.1 /index.php/Admin/User/delete/id/90.html
INFO: [ app_init ] --START--
INFO: Run Behavior\BuildLiteBehavior [ RunTime:0.000000s ]
INFO: [ app_init ] --END-- [ RunTime:0.000000s ]
INFO: [ app_begin ] --START--
INFO: Run Behavior\ReadHtmlCacheBehavior [ RunTime:0.000000s ]
INFO: [ app_begin ] --END-- [ RunTime:0.000000s ]
SQL: SHOW COLUMNS FROM `information` [ RunTime:0.0030s ]
SQL: DELETE FROM `information` WHERE `id` = 90 [ RunTime:0.0870s ]
INFO: [ view_parse ] --START--
INFO: [ template_filter ] --START--
INFO: Run Behavior\ContentReplaceBehavior [ RunTime:0.000000s ]
INFO: [ template_filter ] --END-- [ RunTime:0.000000s ]
INFO: Run Behavior\ParseTemplateBehavior [ RunTime:0.038002s ]
INFO: [ view_parse ] --END-- [ RunTime:0.038002s ]
INFO: [ view_filter ] --START--
INFO: Run Behavior\WriteHtmlCacheBehavior [ RunTime:0.000000s ]
INFO: [ view_filter ] --END-- [ RunTime:0.000000s ]
INFO: [ app_end ] --START--
INFO: Run Behavior\ShowPageTraceBehavior [ RunTime:0.001001s ]
INFO: [ app_end ] --END-- [ RunTime:0.001001s ]

[ 2017-05-24T10:32:44+08:00 ] 127.0.0.1 /index.php/Admin/User/actionhehehe.html
INFO: [ app_init ] --START--
INFO: Run Behavior\BuildLiteBehavior [ RunTime:0.000000s ]
INFO: [ app_init ] --END-- [ RunTime:0.001000s ]
INFO: [ app_begin ] --START--
INFO: Run Behavior\ReadHtmlCacheBehavior [ RunTime:0.001000s ]
INFO: [ app_begin ] --END-- [ RunTime:0.001000s ]
SQL: select * from zone where 1 [ RunTime:0.0000s ]
SQL: select s.subject,i.url1,i.url2,i.id from information as i inner join subject as s on i.course_id=s.id where i.zone_id=15 [ RunTime:0.0010s ]
SQL: select s.subject,i.url1,i.url2,i.id from information as i inner join subject as s on i.course_id=s.id where i.zone_id=16 [ RunTime:0.0000s ]
SQL: select s.subject,i.url1,i.url2,i.id from information as i inner join subject as s on i.course_id=s.id where i.zone_id=18 [ RunTime:0.0000s ]
SQL: select s.subject,i.url1,i.url2,i.id from information as i inner join subject as s on i.course_id=s.id where i.zone_id=19 [ RunTime:0.0010s ]
SQL: SHOW COLUMNS FROM `con_title` [ RunTime:0.0020s ]
SQL: SELECT * FROM `con_title`  [ RunTime:0.0000s ]
INFO: [ view_parse ] --START--
INFO: [ template_filter ] --START--
INFO: Run Behavior\ContentReplaceBehavior [ RunTime:0.000000s ]
INFO: [ template_filter ] --END-- [ RunTime:0.000000s ]
NOTIC: [8] Use of undefined constant url2 - assumed 'url2' F:\xampp\htdocs\renshi\Application\Runtime\Cache\Admin\d824651aff3906d70697152f61198190.php 第 244 行.
NOTIC: [8] Use of undefined constant url2 - assumed 'url2' F:\xampp\htdocs\renshi\Application\Runtime\Cache\Admin\d824651aff3906d70697152f61198190.php 第 244 行.
NOTIC: [8] Use of undefined constant url2 - assumed 'url2' F:\xampp\htdocs\renshi\Application\Runtime\Cache\Admin\d824651aff3906d70697152f61198190.php 第 244 行.
NOTIC: [8] Use of undefined constant url2 - assumed 'url2' F:\xampp\htdocs\renshi\Application\Runtime\Cache\Admin\d824651aff3906d70697152f61198190.php 第 244 行.
NOTIC: [8] Use of undefined constant url2 - assumed 'url2' F:\xampp\htdocs\renshi\Application\Runtime\Cache\Admin\d824651aff3906d70697152f61198190.php 第 244 行.
NOTIC: [8] Use of undefined constant url2 - assumed 'url2' F:\xampp\htdocs\renshi\Application\Runtime\Cache\Admin\d824651aff3906d70697152f61198190.php 第 244 行.
NOTIC: [8] Use of undefined constant url2 - assumed 'url2' F:\xampp\htdocs\renshi\Application\Runtime\Cache\Admin\d824651aff3906d70697152f61198190.php 第 244 行.
NOTIC: [8] Use of undefined constant url2 - assumed 'url2' F:\xampp\htdocs\renshi\Application\Runtime\Cache\Admin\d824651aff3906d70697152f61198190.php 第 244 行.
NOTIC: [8] Use of undefined constant url2 - assumed 'url2' F:\xampp\htdocs\renshi\Application\Runtime\Cache\Admin\d824651aff3906d70697152f61198190.php 第 244 行.
NOTIC: [8] Use of undefined constant url2 - assumed 'url2' F:\xampp\htdocs\renshi\Application\Runtime\Cache\Admin\d824651aff3906d70697152f61198190.php 第 244 行.
NOTIC: [8] Use of undefined constant url2 - assumed 'url2' F:\xampp\htdocs\renshi\Application\Runtime\Cache\Admin\d824651aff3906d70697152f61198190.php 第 244 行.
INFO: Run Behavior\ParseTemplateBehavior [ RunTime:0.014001s ]
INFO: [ view_parse ] --END-- [ RunTime:0.014001s ]
INFO: [ view_filter ] --START--
INFO: Run Behavior\WriteHtmlCacheBehavior [ RunTime:0.000000s ]
INFO: [ view_filter ] --END-- [ RunTime:0.000000s ]
INFO: [ app_end ] --START--
INFO: Run Behavior\ShowPageTraceBehavior [ RunTime:0.000000s ]
INFO: [ app_end ] --END-- [ RunTime:0.000000s ]

[ 2017-05-24T10:32:55+08:00 ] 127.0.0.1 /index.php/Admin/User/edit/id/4.html
INFO: [ app_init ] --START--
INFO: Run Behavior\BuildLiteBehavior [ RunTime:0.000000s ]
INFO: [ app_init ] --END-- [ RunTime:0.001000s ]
INFO: [ app_begin ] --START--
INFO: Run Behavior\ReadHtmlCacheBehavior [ RunTime:0.001000s ]
INFO: [ app_begin ] --END-- [ RunTime:0.001000s ]
SQL: SHOW COLUMNS FROM `con_title` [ RunTime:0.0020s ]
SQL: SELECT * FROM `con_title` WHERE `id` = 4 LIMIT 1   [ RunTime:0.0000s ]
INFO: [ view_parse ] --START--
INFO: [ template_filter ] --START--
INFO: Run Behavior\ContentReplaceBehavior [ RunTime:0.000000s ]
INFO: [ template_filter ] --END-- [ RunTime:0.000000s ]
INFO: Run Behavior\ParseTemplateBehavior [ RunTime:0.013001s ]
INFO: [ view_parse ] --END-- [ RunTime:0.013001s ]
INFO: [ view_filter ] --START--
INFO: Run Behavior\WriteHtmlCacheBehavior [ RunTime:0.000000s ]
INFO: [ view_filter ] --END-- [ RunTime:0.000000s ]
INFO: [ app_end ] --START--
INFO: Run Behavior\ShowPageTraceBehavior [ RunTime:0.001000s ]
INFO: [ app_end ] --END-- [ RunTime:0.001000s ]

[ 2017-05-24T10:33:20+08:00 ] 127.0.0.1 /index.php/Admin/User/actionhehehe.html
INFO: [ app_init ] --START--
INFO: Run Behavior\BuildLiteBehavior [ RunTime:0.000000s ]
INFO: [ app_init ] --END-- [ RunTime:0.001000s ]
INFO: [ app_begin ] --START--
INFO: Run Behavior\ReadHtmlCacheBehavior [ RunTime:0.001000s ]
INFO: [ app_begin ] --END-- [ RunTime:0.001000s ]
SQL: select * from zone where 1 [ RunTime:0.0000s ]
SQL: select s.subject,i.url1,i.url2,i.id from information as i inner join subject as s on i.course_id=s.id where i.zone_id=15 [ RunTime:0.0010s ]
SQL: select s.subject,i.url1,i.url2,i.id from information as i inner join subject as s on i.course_id=s.id where i.zone_id=16 [ RunTime:0.0000s ]
SQL: select s.subject,i.url1,i.url2,i.id from information as i inner join subject as s on i.course_id=s.id where i.zone_id=18 [ RunTime:0.0000s ]
SQL: select s.subject,i.url1,i.url2,i.id from information as i inner join subject as s on i.course_id=s.id where i.zone_id=19 [ RunTime:0.0010s ]
SQL: SHOW COLUMNS FROM `con_title` [ RunTime:0.0020s ]
SQL: SELECT * FROM `con_title`  [ RunTime:0.0000s ]
INFO: [ view_parse ] --START--
INFO: [ template_filter ] --START--
INFO: Run Behavior\ContentReplaceBehavior [ RunTime:0.000000s ]
INFO: [ template_filter ] --END-- [ RunTime:0.000000s ]
NOTIC: [8] Use of undefined constant url2 - assumed 'url2' F:\xampp\htdocs\renshi\Application\Runtime\Cache\Admin\d824651aff3906d70697152f61198190.php 第 244 行.
NOTIC: [8] Use of undefined constant url2 - assumed 'url2' F:\xampp\htdocs\renshi\Application\Runtime\Cache\Admin\d824651aff3906d70697152f61198190.php 第 244 行.
NOTIC: [8] Use of undefined constant url2 - assumed 'url2' F:\xampp\htdocs\renshi\Application\Runtime\Cache\Admin\d824651aff3906d70697152f61198190.php 第 244 行.
NOTIC: [8] Use of undefined constant url2 - assumed 'url2' F:\xampp\htdocs\renshi\Application\Runtime\Cache\Admin\d824651aff3906d70697152f61198190.php 第 244 行.
NOTIC: [8] Use of undefined constant url2 - assumed 'url2' F:\xampp\htdocs\renshi\Application\Runtime\Cache\Admin\d824651aff3906d70697152f61198190.php 第 244 行.
NOTIC: [8] Use of undefined constant url2 - assumed 'url2' F:\xampp\htdocs\renshi\Application\Runtime\Cache\Admin\d824651aff3906d70697152f61198190.php 第 244 行.
NOTIC: [8] Use of undefined constant url2 - assumed 'url2' F:\xampp\htdocs\renshi\Application\Runtime\Cache\Admin\d824651aff3906d70697152f61198190.php 第 244 行.
NOTIC: [8] Use of undefined constant url2 - assumed 'url2' F:\xampp\htdocs\renshi\Application\Runtime\Cache\Admin\d824651aff3906d70697152f61198190.php 第 244 行.
NOTIC: [8] Use of undefined constant url2 - assumed 'url2' F:\xampp\htdocs\renshi\Application\Runtime\Cache\Admin\d824651aff3906d70697152f61198190.php 第 244 行.
NOTIC: [8] Use of undefined constant url2 - assumed 'url2' F:\xampp\htdocs\renshi\Application\Runtime\Cache\Admin\d824651aff3906d70697152f61198190.php 第 244 行.
NOTIC: [8] Use of undefined constant url2 - assumed 'url2' F:\xampp\htdocs\renshi\Application\Runtime\Cache\Admin\d824651aff3906d70697152f61198190.php 第 244 行.
INFO: Run Behavior\ParseTemplateBehavior [ RunTime:0.012001s ]
INFO: [ view_parse ] --END-- [ RunTime:0.012001s ]
INFO: [ view_filter ] --START--
INFO: Run Behavior\WriteHtmlCacheBehavior [ RunTime:0.000000s ]
INFO: [ view_filter ] --END-- [ RunTime:0.000000s ]
INFO: [ app_end ] --START--
INFO: Run Behavior\ShowPageTraceBehavior [ RunTime:0.001000s ]
INFO: [ app_end ] --END-- [ RunTime:0.001000s ]

[ 2017-05-24T10:33:46+08:00 ] 127.0.0.1 /index.php/Admin/User/actionhehehe.html
INFO: [ app_init ] --START--
INFO: Run Behavior\BuildLiteBehavior [ RunTime:0.000000s ]
INFO: [ app_init ] --END-- [ RunTime:0.000000s ]
INFO: [ app_begin ] --START--
INFO: Run Behavior\ReadHtmlCacheBehavior [ RunTime:0.001000s ]
INFO: [ app_begin ] --END-- [ RunTime:0.001000s ]
SQL: select * from zone where 1 [ RunTime:0.0010s ]
SQL: select s.subject,i.url1,i.url2,i.id from information as i inner join subject as s on i.course_id=s.id where i.zone_id=15 [ RunTime:0.0010s ]
SQL: select s.subject,i.url1,i.url2,i.id from information as i inner join subject as s on i.course_id=s.id where i.zone_id=16 [ RunTime:0.0000s ]
SQL: select s.subject,i.url1,i.url2,i.id from information as i inner join subject as s on i.course_id=s.id where i.zone_id=18 [ RunTime:0.0010s ]
SQL: select s.subject,i.url1,i.url2,i.id from information as i inner join subject as s on i.course_id=s.id where i.zone_id=19 [ RunTime:0.0000s ]
SQL: SHOW COLUMNS FROM `con_title` [ RunTime:0.0020s ]
SQL: SELECT * FROM `con_title`  [ RunTime:0.0010s ]
INFO: [ view_parse ] --START--
INFO: [ template_filter ] --START--
INFO: Run Behavior\ContentReplaceBehavior [ RunTime:0.001000s ]
INFO: [ template_filter ] --END-- [ RunTime:0.001000s ]
NOTIC: [8] Use of undefined constant url2 - assumed 'url2' F:\xampp\htdocs\renshi\Application\Runtime\Cache\Admin\d824651aff3906d70697152f61198190.php 第 244 行.
NOTIC: [8] Use of undefined constant url2 - assumed 'url2' F:\xampp\htdocs\renshi\Application\Runtime\Cache\Admin\d824651aff3906d70697152f61198190.php 第 244 行.
NOTIC: [8] Use of undefined constant url2 - assumed 'url2' F:\xampp\htdocs\renshi\Application\Runtime\Cache\Admin\d824651aff3906d70697152f61198190.php 第 244 行.
NOTIC: [8] Use of undefined constant url2 - assumed 'url2' F:\xampp\htdocs\renshi\Application\Runtime\Cache\Admin\d824651aff3906d70697152f61198190.php 第 244 行.
NOTIC: [8] Use of undefined constant url2 - assumed 'url2' F:\xampp\htdocs\renshi\Application\Runtime\Cache\Admin\d824651aff3906d70697152f61198190.php 第 244 行.
NOTIC: [8] Use of undefined constant url2 - assumed 'url2' F:\xampp\htdocs\renshi\Application\Runtime\Cache\Admin\d824651aff3906d70697152f61198190.php 第 244 行.
NOTIC: [8] Use of undefined constant url2 - assumed 'url2' F:\xampp\htdocs\renshi\Application\Runtime\Cache\Admin\d824651aff3906d70697152f61198190.php 第 244 行.
NOTIC: [8] Use of undefined constant url2 - assumed 'url2' F:\xampp\htdocs\renshi\Application\Runtime\Cache\Admin\d824651aff3906d70697152f61198190.php 第 244 行.
NOTIC: [8] Use of undefined constant url2 - assumed 'url2' F:\xampp\htdocs\renshi\Application\Runtime\Cache\Admin\d824651aff3906d70697152f61198190.php 第 244 行.
NOTIC: [8] Use of undefined constant url2 - assumed 'url2' F:\xampp\htdocs\renshi\Application\Runtime\Cache\Admin\d824651aff3906d70697152f61198190.php 第 244 行.
NOTIC: [8] Use of undefined constant url2 - assumed 'url2' F:\xampp\htdocs\renshi\Application\Runtime\Cache\Admin\d824651aff3906d70697152f61198190.php 第 244 行.
INFO: Run Behavior\ParseTemplateBehavior [ RunTime:0.013001s ]
INFO: [ view_parse ] --END-- [ RunTime:0.013001s ]
INFO: [ view_filter ] --START--
INFO: Run Behavior\WriteHtmlCacheBehavior [ RunTime:0.000000s ]
INFO: [ view_filter ] --END-- [ RunTime:0.000000s ]
INFO: [ app_end ] --START--
INFO: Run Behavior\ShowPageTraceBehavior [ RunTime:0.001000s ]
INFO: [ app_end ] --END-- [ RunTime:0.001000s ]

